0 info it worked if it ends with ok
1 verbose cli [ '/usr/local/bin/node',
1 verbose cli   '/usr/local/bin/npm',
1 verbose cli   'install',
1 verbose cli   'socket.io' ]
2 info using npm@1.1.66
3 info using node@v0.8.15
4 verbose read json /home/lap/Desktop/Projects/dapp-site-for-donations-creators-21083883-node/package.json
5 verbose read json /home/lap/Desktop/Projects/dapp-site-for-donations-creators-21083883-node/node_modules/is-electron/package.json
6 verbose read json /home/lap/Desktop/Projects/dapp-site-for-donations-creators-21083883-node/node_modules/denque/package.json
7 verbose read json /home/lap/Desktop/Projects/dapp-site-for-donations-creators-21083883-node/node_modules/wrappy/package.json
8 verbose read json /home/lap/Desktop/Projects/dapp-site-for-donations-creators-21083883-node/node_modules/performance-now/package.json
9 verbose read json /home/lap/Desktop/Projects/dapp-site-for-donations-creators-21083883-node/node_modules/@jsdevtools/package.json
10 verbose read json /home/lap/Desktop/Projects/dapp-site-for-donations-creators-21083883-node/node_modules/abort-controller/package.json
11 verbose read json /home/lap/Desktop/Projects/dapp-site-for-donations-creators-21083883-node/node_modules/babel-plugin-transform-es2015-parameters/package.json
12 verbose read json /home/lap/Desktop/Projects/dapp-site-for-donations-creators-21083883-node/node_modules/dns-over-http-resolver/package.json
13 verbose read json /home/lap/Desktop/Projects/dapp-site-for-donations-creators-21083883-node/node_modules/dom-walk/package.json
14 verbose read json /home/lap/Desktop/Projects/dapp-site-for-donations-creators-21083883-node/node_modules/os-homedir/package.json
15 verbose read json /home/lap/Desktop/Projects/dapp-site-for-donations-creators-21083883-node/node_modules/web3-eth-ens/package.json
16 verbose read json /home/lap/Desktop/Projects/dapp-site-for-donations-creators-21083883-node/node_modules/swagger-jsdoc/package.json
17 verbose read json /home/lap/Desktop/Projects/dapp-site-for-donations-creators-21083883-node/node_modules/web3-eth-contract/package.json
18 verbose read json /home/lap/Desktop/Projects/dapp-site-for-donations-creators-21083883-node/node_modules/utf8/package.json
19 verbose read json /home/lap/Desktop/Projects/dapp-site-for-donations-creators-21083883-node/node_modules/lodash/package.json
20 verbose read json /home/lap/Desktop/Projects/dapp-site-for-donations-creators-21083883-node/node_modules/murmurhash3js-revisited/package.json
21 verbose read json /home/lap/Desktop/Projects/dapp-site-for-donations-creators-21083883-node/node_modules/lodash.isplainobject/package.json
22 verbose read json /home/lap/Desktop/Projects/dapp-site-for-donations-creators-21083883-node/node_modules/ethereumjs-util/package.json
23 verbose read json /home/lap/Desktop/Projects/dapp-site-for-donations-creators-21083883-node/node_modules/path-is-absolute/package.json
24 verbose read json /home/lap/Desktop/Projects/dapp-site-for-donations-creators-21083883-node/node_modules/it-to-stream/package.json
25 verbose read json /home/lap/Desktop/Projects/dapp-site-for-donations-creators-21083883-node/node_modules/weak-map/package.json
26 verbose read json /home/lap/Desktop/Projects/dapp-site-for-donations-creators-21083883-node/node_modules/diffie-hellman/package.json
27 verbose read json /home/lap/Desktop/Projects/dapp-site-for-donations-creators-21083883-node/node_modules/keyv/package.json
28 verbose read json /home/lap/Desktop/Projects/dapp-site-for-donations-creators-21083883-node/node_modules/es6-iterator/package.json
29 verbose read json /home/lap/Desktop/Projects/dapp-site-for-donations-creators-21083883-node/node_modules/jmespath/package.json
30 verbose read json /home/lap/Desktop/Projects/dapp-site-for-donations-creators-21083883-node/node_modules/browserify-rsa/package.json
31 verbose read json /home/lap/Desktop/Projects/dapp-site-for-donations-creators-21083883-node/node_modules/@types/package.json
32 verbose read json /home/lap/Desktop/Projects/dapp-site-for-donations-creators-21083883-node/node_modules/internal-slot/package.json
33 verbose read json /home/lap/Desktop/Projects/dapp-site-for-donations-creators-21083883-node/node_modules/has-ansi/package.json
34 verbose read json /home/lap/Desktop/Projects/dapp-site-for-donations-creators-21083883-node/node_modules/multiaddr-to-uri/package.json
35 verbose read json /home/lap/Desktop/Projects/dapp-site-for-donations-creators-21083883-node/node_modules/semver/package.json
36 verbose read json /home/lap/Desktop/Projects/dapp-site-for-donations-creators-21083883-node/node_modules/prepend-http/package.json
37 verbose read json /home/lap/Desktop/Projects/dapp-site-for-donations-creators-21083883-node/node_modules/dayjs/package.json
38 verbose read json /home/lap/Desktop/Projects/dapp-site-for-donations-creators-21083883-node/node_modules/detect-indent/package.json
39 verbose read json /home/lap/Desktop/Projects/dapp-site-for-donations-creators-21083883-node/node_modules/cloudinary/package.json
40 verbose read json /home/lap/Desktop/Projects/dapp-site-for-donations-creators-21083883-node/node_modules/for-each-property-deep/package.json
41 verbose read json /home/lap/Desktop/Projects/dapp-site-for-donations-creators-21083883-node/node_modules/frac/package.json
42 verbose read json /home/lap/Desktop/Projects/dapp-site-for-donations-creators-21083883-node/node_modules/isstream/package.json
43 verbose read json /home/lap/Desktop/Projects/dapp-site-for-donations-creators-21083883-node/node_modules/repeating/package.json
44 verbose read json /home/lap/Desktop/Projects/dapp-site-for-donations-creators-21083883-node/node_modules/mongoose-paginate/package.json
45 verbose read json /home/lap/Desktop/Projects/dapp-site-for-donations-creators-21083883-node/node_modules/babel-template/package.json
46 verbose read json /home/lap/Desktop/Projects/dapp-site-for-donations-creators-21083883-node/node_modules/web3-core-subscriptions/package.json
47 verbose read json /home/lap/Desktop/Projects/dapp-site-for-donations-creators-21083883-node/node_modules/babel-plugin-transform-es2015-modules-umd/package.json
48 verbose read json /home/lap/Desktop/Projects/dapp-site-for-donations-creators-21083883-node/node_modules/is-retry-allowed/package.json
49 verbose read json /home/lap/Desktop/Projects/dapp-site-for-donations-creators-21083883-node/node_modules/iso-constants/package.json
50 verbose read json /home/lap/Desktop/Projects/dapp-site-for-donations-creators-21083883-node/node_modules/aws-sdk/package.json
51 verbose read json /home/lap/Desktop/Projects/dapp-site-for-donations-creators-21083883-node/node_modules/sliced/package.json
52 verbose read json /home/lap/Desktop/Projects/dapp-site-for-donations-creators-21083883-node/node_modules/ansi-regex/package.json
53 verbose read json /home/lap/Desktop/Projects/dapp-site-for-donations-creators-21083883-node/node_modules/url-to-options/package.json
54 verbose read json /home/lap/Desktop/Projects/dapp-site-for-donations-creators-21083883-node/node_modules/uri-js/package.json
55 verbose read json /home/lap/Desktop/Projects/dapp-site-for-donations-creators-21083883-node/node_modules/web3-providers-ipc/package.json
56 verbose read json /home/lap/Desktop/Projects/dapp-site-for-donations-creators-21083883-node/node_modules/arraybuffer.slice/package.json
57 verbose read json /home/lap/Desktop/Projects/dapp-site-for-donations-creators-21083883-node/node_modules/ipld-block/package.json
58 verbose read json /home/lap/Desktop/Projects/dapp-site-for-donations-creators-21083883-node/node_modules/yaml/package.json
59 verbose read json /home/lap/Desktop/Projects/dapp-site-for-donations-creators-21083883-node/node_modules/concat-stream/package.json
60 verbose read json /home/lap/Desktop/Projects/dapp-site-for-donations-creators-21083883-node/node_modules/which-module/package.json
61 verbose read json /home/lap/Desktop/Projects/dapp-site-for-donations-creators-21083883-node/node_modules/web3-net/package.json
62 verbose read json /home/lap/Desktop/Projects/dapp-site-for-donations-creators-21083883-node/node_modules/uint8arrays/package.json
63 verbose read json /home/lap/Desktop/Projects/dapp-site-for-donations-creators-21083883-node/node_modules/p-limit/package.json
64 verbose read json /home/lap/Desktop/Projects/dapp-site-for-donations-creators-21083883-node/node_modules/setprototypeof/package.json
65 verbose read json /home/lap/Desktop/Projects/dapp-site-for-donations-creators-21083883-node/node_modules/browserify-sign/package.json
66 verbose read json /home/lap/Desktop/Projects/dapp-site-for-donations-creators-21083883-node/node_modules/http/package.json
67 verbose read json /home/lap/Desktop/Projects/dapp-site-for-donations-creators-21083883-node/node_modules/joi/package.json
68 verbose read json /home/lap/Desktop/Projects/dapp-site-for-donations-creators-21083883-node/node_modules/wordwrapjs/package.json
69 verbose read json /home/lap/Desktop/Projects/dapp-site-for-donations-creators-21083883-node/node_modules/ext/package.json
70 verbose read json /home/lap/Desktop/Projects/dapp-site-for-donations-creators-21083883-node/node_modules/socket.io/package.json
71 verbose read json /home/lap/Desktop/Projects/dapp-site-for-donations-creators-21083883-node/node_modules/timeout-abort-controller/package.json
72 verbose read json /home/lap/Desktop/Projects/dapp-site-for-donations-creators-21083883-node/node_modules/babel-plugin-transform-async-to-generator/package.json
73 verbose read json /home/lap/Desktop/Projects/dapp-site-for-donations-creators-21083883-node/node_modules/buffer-xor/package.json
74 verbose read json /home/lap/Desktop/Projects/dapp-site-for-donations-creators-21083883-node/node_modules/retimer/package.json
75 verbose read json /home/lap/Desktop/Projects/dapp-site-for-donations-creators-21083883-node/node_modules/call-me-maybe/package.json
76 verbose read json /home/lap/Desktop/Projects/dapp-site-for-donations-creators-21083883-node/node_modules/has-to-string-tag-x/package.json
77 verbose read json /home/lap/Desktop/Projects/dapp-site-for-donations-creators-21083883-node/node_modules/clone-response/package.json
78 verbose read json /home/lap/Desktop/Projects/dapp-site-for-donations-creators-21083883-node/node_modules/regexp-clone/package.json
79 verbose read json /home/lap/Desktop/Projects/dapp-site-for-donations-creators-21083883-node/node_modules/setimmediate/package.json
80 verbose read json /home/lap/Desktop/Projects/dapp-site-for-donations-creators-21083883-node/node_modules/eslint-plugin-import/package.json
81 verbose read json /home/lap/Desktop/Projects/dapp-site-for-donations-creators-21083883-node/node_modules/regjsparser/package.json
82 verbose read json /home/lap/Desktop/Projects/dapp-site-for-donations-creators-21083883-node/node_modules/decode-uri-component/package.json
83 verbose read json /home/lap/Desktop/Projects/dapp-site-for-donations-creators-21083883-node/node_modules/babel-plugin-transform-exponentiation-operator/package.json
84 verbose read json /home/lap/Desktop/Projects/dapp-site-for-donations-creators-21083883-node/node_modules/decompress-response/package.json
85 verbose read json /home/lap/Desktop/Projects/dapp-site-for-donations-creators-21083883-node/node_modules/multibase/package.json
86 verbose read json /home/lap/Desktop/Projects/dapp-site-for-donations-creators-21083883-node/node_modules/nodemailer/package.json
87 verbose read json /home/lap/Desktop/Projects/dapp-site-for-donations-creators-21083883-node/node_modules/once/package.json
88 verbose read json /home/lap/Desktop/Projects/dapp-site-for-donations-creators-21083883-node/node_modules/isarray/package.json
89 verbose read json /home/lap/Desktop/Projects/dapp-site-for-donations-creators-21083883-node/node_modules/web3-eth-abi/package.json
90 verbose read json /home/lap/Desktop/Projects/dapp-site-for-donations-creators-21083883-node/node_modules/query-string/package.json
91 verbose read json /home/lap/Desktop/Projects/dapp-site-for-donations-creators-21083883-node/node_modules/lodash.mergewith/package.json
92 verbose read json /home/lap/Desktop/Projects/dapp-site-for-donations-creators-21083883-node/node_modules/fs.realpath/package.json
93 verbose read json /home/lap/Desktop/Projects/dapp-site-for-donations-creators-21083883-node/node_modules/caseless/package.json
94 verbose read json /home/lap/Desktop/Projects/dapp-site-for-donations-creators-21083883-node/node_modules/cookie/package.json
95 verbose read json /home/lap/Desktop/Projects/dapp-site-for-donations-creators-21083883-node/node_modules/dijkstrajs/package.json
96 verbose read json /home/lap/Desktop/Projects/dapp-site-for-donations-creators-21083883-node/node_modules/is-generator-function/package.json
97 verbose read json /home/lap/Desktop/Projects/dapp-site-for-donations-creators-21083883-node/node_modules/multicodec/package.json
98 verbose read json /home/lap/Desktop/Projects/dapp-site-for-donations-creators-21083883-node/node_modules/public-encrypt/package.json
99 verbose read json /home/lap/Desktop/Projects/dapp-site-for-donations-creators-21083883-node/node_modules/node-fetch/package.json
100 verbose read json /home/lap/Desktop/Projects/dapp-site-for-donations-creators-21083883-node/node_modules/oboe/package.json
101 verbose read json /home/lap/Desktop/Projects/dapp-site-for-donations-creators-21083883-node/node_modules/q/package.json
102 verbose read json /home/lap/Desktop/Projects/dapp-site-for-donations-creators-21083883-node/node_modules/web3-eth/package.json
103 verbose read json /home/lap/Desktop/Projects/dapp-site-for-donations-creators-21083883-node/node_modules/tough-cookie/package.json
104 verbose read json /home/lap/Desktop/Projects/dapp-site-for-donations-creators-21083883-node/node_modules/babel-plugin-transform-es2015-spread/package.json
105 verbose read json /home/lap/Desktop/Projects/dapp-site-for-donations-creators-21083883-node/node_modules/http-https/package.json
106 verbose read json /home/lap/Desktop/Projects/dapp-site-for-donations-creators-21083883-node/node_modules/crc-32/package.json
107 verbose read json /home/lap/Desktop/Projects/dapp-site-for-donations-creators-21083883-node/node_modules/config/package.json
108 verbose read json /home/lap/Desktop/Projects/dapp-site-for-donations-creators-21083883-node/node_modules/bytes/package.json
109 verbose read json /home/lap/Desktop/Projects/dapp-site-for-donations-creators-21083883-node/node_modules/fast-fifo/package.json
110 verbose read json /home/lap/Desktop/Projects/dapp-site-for-donations-creators-21083883-node/node_modules/next-tick/package.json
111 verbose read json /home/lap/Desktop/Projects/dapp-site-for-donations-creators-21083883-node/node_modules/mkdirp/package.json
112 verbose read json /home/lap/Desktop/Projects/dapp-site-for-donations-creators-21083883-node/node_modules/jsesc/package.json
113 verbose read json /home/lap/Desktop/Projects/dapp-site-for-donations-creators-21083883-node/node_modules/node-addon-api/package.json
114 verbose read json /home/lap/Desktop/Projects/dapp-site-for-donations-creators-21083883-node/node_modules/command-line-usage/package.json
115 verbose read json /home/lap/Desktop/Projects/dapp-site-for-donations-creators-21083883-node/node_modules/etag/package.json
116 verbose read json /home/lap/Desktop/Projects/dapp-site-for-donations-creators-21083883-node/node_modules/global/package.json
117 verbose read json /home/lap/Desktop/Projects/dapp-site-for-donations-creators-21083883-node/node_modules/base64-js/package.json
118 verbose read json /home/lap/Desktop/Projects/dapp-site-for-donations-creators-21083883-node/node_modules/ansi-escape-sequences/package.json
119 verbose read json /home/lap/Desktop/Projects/dapp-site-for-donations-creators-21083883-node/node_modules/qs/package.json
120 verbose read json /home/lap/Desktop/Projects/dapp-site-for-donations-creators-21083883-node/node_modules/stable/package.json
121 verbose read json /home/lap/Desktop/Projects/dapp-site-for-donations-creators-21083883-node/node_modules/signed-varint/package.json
122 verbose read json /home/lap/Desktop/Projects/dapp-site-for-donations-creators-21083883-node/node_modules/cliui/package.json
123 verbose read json /home/lap/Desktop/Projects/dapp-site-for-donations-creators-21083883-node/node_modules/foreach/package.json
124 verbose read json /home/lap/Desktop/Projects/dapp-site-for-donations-creators-21083883-node/node_modules/after/package.json
125 verbose read json /home/lap/Desktop/Projects/dapp-site-for-donations-creators-21083883-node/node_modules/ipfs-core-types/package.json
126 verbose read json /home/lap/Desktop/Projects/dapp-site-for-donations-creators-21083883-node/node_modules/babel-plugin-check-es2015-constants/package.json
127 verbose read json /home/lap/Desktop/Projects/dapp-site-for-donations-creators-21083883-node/node_modules/babel-plugin-transform-es2015-unicode-regex/package.json
128 verbose read json /home/lap/Desktop/Projects/dapp-site-for-donations-creators-21083883-node/node_modules/on-finished/package.json
129 verbose read json /home/lap/Desktop/Projects/dapp-site-for-donations-creators-21083883-node/node_modules/content-hash/package.json
130 verbose read json /home/lap/Desktop/Projects/dapp-site-for-donations-creators-21083883-node/node_modules/streamsearch/package.json
131 verbose read json /home/lap/Desktop/Projects/dapp-site-for-donations-creators-21083883-node/node_modules/is-regex/package.json
132 verbose read json /home/lap/Desktop/Projects/dapp-site-for-donations-creators-21083883-node/node_modules/universalify/package.json
133 verbose read json /home/lap/Desktop/Projects/dapp-site-for-donations-creators-21083883-node/node_modules/babel-plugin-transform-es2015-arrow-functions/package.json
134 verbose read json /home/lap/Desktop/Projects/dapp-site-for-donations-creators-21083883-node/node_modules/is-utf8/package.json
135 verbose read json /home/lap/Desktop/Projects/dapp-site-for-donations-creators-21083883-node/node_modules/available-typed-arrays/package.json
136 verbose read json /home/lap/Desktop/Projects/dapp-site-for-donations-creators-21083883-node/node_modules/ee-first/package.json
137 verbose read json /home/lap/Desktop/Projects/dapp-site-for-donations-creators-21083883-node/node_modules/chalk/package.json
138 verbose read json /home/lap/Desktop/Projects/dapp-site-for-donations-creators-21083883-node/node_modules/uuid/package.json
139 verbose read json /home/lap/Desktop/Projects/dapp-site-for-donations-creators-21083883-node/node_modules/swagger-ui-express/package.json
140 verbose read json /home/lap/Desktop/Projects/dapp-site-for-donations-creators-21083883-node/node_modules/lodash.isequal/package.json
141 verbose read json /home/lap/Desktop/Projects/dapp-site-for-donations-creators-21083883-node/node_modules/ethereum-bloom-filters/package.json
142 verbose read json /home/lap/Desktop/Projects/dapp-site-for-donations-creators-21083883-node/node_modules/which-typed-array/package.json
143 verbose read json /home/lap/Desktop/Projects/dapp-site-for-donations-creators-21083883-node/node_modules/babel-core/package.json
144 verbose read json /home/lap/Desktop/Projects/dapp-site-for-donations-creators-21083883-node/node_modules/xtend/package.json
145 verbose read json /home/lap/Desktop/Projects/dapp-site-for-donations-creators-21083883-node/node_modules/xhr-request-promise/package.json
146 verbose read json /home/lap/Desktop/Projects/dapp-site-for-donations-creators-21083883-node/node_modules/babel-preset-node5/package.json
147 verbose read json /home/lap/Desktop/Projects/dapp-site-for-donations-creators-21083883-node/node_modules/multihashing-async/package.json
148 verbose read json /home/lap/Desktop/Projects/dapp-site-for-donations-creators-21083883-node/node_modules/libp2p-crypto/package.json
149 verbose read json /home/lap/Desktop/Projects/dapp-site-for-donations-creators-21083883-node/node_modules/lodash.isnumber/package.json
150 verbose read json /home/lap/Desktop/Projects/dapp-site-for-donations-creators-21083883-node/node_modules/run/package.json
151 verbose read json /home/lap/Desktop/Projects/dapp-site-for-donations-creators-21083883-node/node_modules/morgan/package.json
152 verbose read json /home/lap/Desktop/Projects/dapp-site-for-donations-creators-21083883-node/node_modules/babel-generator/package.json
153 verbose read json /home/lap/Desktop/Projects/dapp-site-for-donations-creators-21083883-node/node_modules/ieee754/package.json
154 verbose read json /home/lap/Desktop/Projects/dapp-site-for-donations-creators-21083883-node/node_modules/loose-envify/package.json
155 verbose read json /home/lap/Desktop/Projects/dapp-site-for-donations-creators-21083883-node/node_modules/invariant/package.json
156 verbose read json /home/lap/Desktop/Projects/dapp-site-for-donations-creators-21083883-node/node_modules/color-name/package.json
157 verbose read json /home/lap/Desktop/Projects/dapp-site-for-donations-creators-21083883-node/node_modules/is-ip/package.json
158 verbose read json /home/lap/Desktop/Projects/dapp-site-for-donations-creators-21083883-node/node_modules/table-layout/package.json
159 verbose read json /home/lap/Desktop/Projects/dapp-site-for-donations-creators-21083883-node/node_modules/ssf/package.json
160 verbose read json /home/lap/Desktop/Projects/dapp-site-for-donations-creators-21083883-node/node_modules/saslprep/package.json
161 verbose read json /home/lap/Desktop/Projects/dapp-site-for-donations-creators-21083883-node/node_modules/pem-jwk/package.json
162 verbose read json /home/lap/Desktop/Projects/dapp-site-for-donations-creators-21083883-node/node_modules/verror/package.json
163 verbose read json /home/lap/Desktop/Projects/dapp-site-for-donations-creators-21083883-node/node_modules/number-to-bn/package.json
164 verbose read json /home/lap/Desktop/Projects/dapp-site-for-donations-creators-21083883-node/node_modules/object-keys/package.json
165 verbose read json /home/lap/Desktop/Projects/dapp-site-for-donations-creators-21083883-node/node_modules/form-data/package.json
166 verbose read json /home/lap/Desktop/Projects/dapp-site-for-donations-creators-21083883-node/node_modules/is-negative-zero/package.json
167 verbose read json /home/lap/Desktop/Projects/dapp-site-for-donations-creators-21083883-node/node_modules/ipfs-core-utils/package.json
168 verbose read json /home/lap/Desktop/Projects/dapp-site-for-donations-creators-21083883-node/node_modules/@protobufjs/package.json
169 verbose read json /home/lap/Desktop/Projects/dapp-site-for-donations-creators-21083883-node/node_modules/string_decoder/package.json
170 verbose read json /home/lap/Desktop/Projects/dapp-site-for-donations-creators-21083883-node/node_modules/function-bind/package.json
171 verbose read json /home/lap/Desktop/Projects/dapp-site-for-donations-creators-21083883-node/node_modules/babel-plugin-transform-es2015-destructuring/package.json
172 verbose read json /home/lap/Desktop/Projects/dapp-site-for-donations-creators-21083883-node/node_modules/scmp/package.json
173 verbose read json /home/lap/Desktop/Projects/dapp-site-for-donations-creators-21083883-node/node_modules/forwarded/package.json
174 verbose read json /home/lap/Desktop/Projects/dapp-site-for-donations-creators-21083883-node/node_modules/cacheable-request/package.json
175 verbose read json /home/lap/Desktop/Projects/dapp-site-for-donations-creators-21083883-node/node_modules/lodash.endswith/package.json
176 verbose read json /home/lap/Desktop/Projects/dapp-site-for-donations-creators-21083883-node/node_modules/json-stringify-safe/package.json
177 verbose read json /home/lap/Desktop/Projects/dapp-site-for-donations-creators-21083883-node/node_modules/es6-map/package.json
178 verbose read json /home/lap/Desktop/Projects/dapp-site-for-donations-creators-21083883-node/node_modules/assert-plus/package.json
179 verbose read json /home/lap/Desktop/Projects/dapp-site-for-donations-creators-21083883-node/node_modules/qrcode/package.json
180 verbose read json /home/lap/Desktop/Projects/dapp-site-for-donations-creators-21083883-node/node_modules/web3-eth-iban/package.json
181 verbose read json /home/lap/Desktop/Projects/dapp-site-for-donations-creators-21083883-node/node_modules/md5.js/package.json
182 verbose read json /home/lap/Desktop/Projects/dapp-site-for-donations-creators-21083883-node/node_modules/file-uri-to-path/package.json
183 verbose read json /home/lap/Desktop/Projects/dapp-site-for-donations-creators-21083883-node/node_modules/nanoid/package.json
184 verbose read json /home/lap/Desktop/Projects/dapp-site-for-donations-creators-21083883-node/node_modules/native-abort-controller/package.json
185 verbose read json /home/lap/Desktop/Projects/dapp-site-for-donations-creators-21083883-node/node_modules/p-cancelable/package.json
186 verbose read json /home/lap/Desktop/Projects/dapp-site-for-donations-creators-21083883-node/node_modules/axios/package.json
187 verbose read json /home/lap/Desktop/Projects/dapp-site-for-donations-creators-21083883-node/node_modules/lodash.cond/package.json
188 verbose read json /home/lap/Desktop/Projects/dapp-site-for-donations-creators-21083883-node/node_modules/json-buffer/package.json
189 verbose read json /home/lap/Desktop/Projects/dapp-site-for-donations-creators-21083883-node/node_modules/web3-core-method/package.json
190 verbose read json /home/lap/Desktop/Projects/dapp-site-for-donations-creators-21083883-node/node_modules/babel-messages/package.json
191 verbose read json /home/lap/Desktop/Projects/dapp-site-for-donations-creators-21083883-node/node_modules/ethereum-cryptography/package.json
192 verbose read json /home/lap/Desktop/Projects/dapp-site-for-donations-creators-21083883-node/node_modules/web3-core/package.json
193 verbose read json /home/lap/Desktop/Projects/dapp-site-for-donations-creators-21083883-node/node_modules/long/package.json
194 verbose read json /home/lap/Desktop/Projects/dapp-site-for-donations-creators-21083883-node/node_modules/ipaddr.js/package.json
195 verbose read json /home/lap/Desktop/Projects/dapp-site-for-donations-creators-21083883-node/node_modules/babel-plugin-transform-es2015-typeof-symbol/package.json
196 verbose read json /home/lap/Desktop/Projects/dapp-site-for-donations-creators-21083883-node/node_modules/select-random-file/package.json
197 verbose read json /home/lap/Desktop/Projects/dapp-site-for-donations-creators-21083883-node/node_modules/memory-pager/package.json
198 verbose read json /home/lap/Desktop/Projects/dapp-site-for-donations-creators-21083883-node/node_modules/babel-plugin-transform-es2015-modules-systemjs/package.json
199 verbose read json /home/lap/Desktop/Projects/dapp-site-for-donations-creators-21083883-node/node_modules/native-fetch/package.json
200 verbose read json /home/lap/Desktop/Projects/dapp-site-for-donations-creators-21083883-node/node_modules/parse-headers/package.json
201 verbose read json /home/lap/Desktop/Projects/dapp-site-for-donations-creators-21083883-node/node_modules/type-is/package.json
202 verbose read json /home/lap/Desktop/Projects/dapp-site-for-donations-creators-21083883-node/node_modules/babel-helper-builder-binary-assignment-operator-visitor/package.json
203 verbose read json /home/lap/Desktop/Projects/dapp-site-for-donations-creators-21083883-node/node_modules/cfb/package.json
204 verbose read json /home/lap/Desktop/Projects/dapp-site-for-donations-creators-21083883-node/node_modules/it-all/package.json
205 verbose read json /home/lap/Desktop/Projects/dapp-site-for-donations-creators-21083883-node/node_modules/querystring/package.json
206 verbose read json /home/lap/Desktop/Projects/dapp-site-for-donations-creators-21083883-node/node_modules/base64id/package.json
207 verbose read json /home/lap/Desktop/Projects/dapp-site-for-donations-creators-21083883-node/node_modules/for-each-property/package.json
208 verbose read json /home/lap/Desktop/Projects/dapp-site-for-donations-creators-21083883-node/node_modules/camelcase/package.json
209 verbose read json /home/lap/Desktop/Projects/dapp-site-for-donations-creators-21083883-node/node_modules/type/package.json
210 verbose read json /home/lap/Desktop/Projects/dapp-site-for-donations-creators-21083883-node/node_modules/is-circular/package.json
211 verbose read json /home/lap/Desktop/Projects/dapp-site-for-donations-creators-21083883-node/node_modules/regenerate/package.json
212 verbose read json /home/lap/Desktop/Projects/dapp-site-for-donations-creators-21083883-node/node_modules/babel-relay-plugin/package.json
213 verbose read json /home/lap/Desktop/Projects/dapp-site-for-donations-creators-21083883-node/node_modules/aws-sign2/package.json
214 verbose read json /home/lap/Desktop/Projects/dapp-site-for-donations-creators-21083883-node/node_modules/multiformats/package.json
215 verbose read json /home/lap/Desktop/Projects/dapp-site-for-donations-creators-21083883-node/node_modules/browserslist/package.json
216 verbose read json /home/lap/Desktop/Projects/dapp-site-for-donations-creators-21083883-node/node_modules/web3-shh/package.json
217 verbose read json /home/lap/Desktop/Projects/dapp-site-for-donations-creators-21083883-node/node_modules/isemail/package.json
218 verbose read json /home/lap/Desktop/Projects/dapp-site-for-donations-creators-21083883-node/node_modules/jsonfile/package.json
219 verbose read json /home/lap/Desktop/Projects/dapp-site-for-donations-creators-21083883-node/node_modules/mime-types/package.json
220 verbose read json /home/lap/Desktop/Projects/dapp-site-for-donations-creators-21083883-node/node_modules/callsite/package.json
221 verbose read json /home/lap/Desktop/Projects/dapp-site-for-donations-creators-21083883-node/node_modules/jsonwebtoken/package.json
222 verbose read json /home/lap/Desktop/Projects/dapp-site-for-donations-creators-21083883-node/node_modules/web3-bzz/package.json
223 verbose read json /home/lap/Desktop/Projects/dapp-site-for-donations-creators-21083883-node/node_modules/mime/package.json
224 verbose read json /home/lap/Desktop/Projects/dapp-site-for-donations-creators-21083883-node/node_modules/asap/package.json
225 verbose read json /home/lap/Desktop/Projects/dapp-site-for-donations-creators-21083883-node/node_modules/has-symbol-support-x/package.json
226 verbose read json /home/lap/Desktop/Projects/dapp-site-for-donations-creators-21083883-node/node_modules/get-prototype-chain/package.json
227 verbose read json /home/lap/Desktop/Projects/dapp-site-for-donations-creators-21083883-node/node_modules/base64-arraybuffer/package.json
228 verbose read json /home/lap/Desktop/Projects/dapp-site-for-donations-creators-21083883-node/node_modules/yargs/package.json
229 verbose read json /home/lap/Desktop/Projects/dapp-site-for-donations-creators-21083883-node/node_modules/json-text-sequence/package.json
230 verbose read json /home/lap/Desktop/Projects/dapp-site-for-donations-creators-21083883-node/node_modules/querystringify/package.json
231 verbose read json /home/lap/Desktop/Projects/dapp-site-for-donations-creators-21083883-node/node_modules/pump/package.json
232 verbose read json /home/lap/Desktop/Projects/dapp-site-for-donations-creators-21083883-node/node_modules/twilio/package.json
233 verbose read json /home/lap/Desktop/Projects/dapp-site-for-donations-creators-21083883-node/node_modules/url-set-query/package.json
234 verbose read json /home/lap/Desktop/Projects/dapp-site-for-donations-creators-21083883-node/node_modules/safer-buffer/package.json
235 verbose read json /home/lap/Desktop/Projects/dapp-site-for-donations-creators-21083883-node/node_modules/lodash.isstring/package.json
236 verbose read json /home/lap/Desktop/Projects/dapp-site-for-donations-creators-21083883-node/node_modules/json-schema-traverse/package.json
237 verbose read json /home/lap/Desktop/Projects/dapp-site-for-donations-creators-21083883-node/node_modules/parseuri/package.json
238 verbose read json /home/lap/Desktop/Projects/dapp-site-for-donations-creators-21083883-node/node_modules/timed-out/package.json
239 verbose read json /home/lap/Desktop/Projects/dapp-site-for-donations-creators-21083883-node/node_modules/babel-plugin-transform-regenerator/package.json
240 verbose read json /home/lap/Desktop/Projects/dapp-site-for-donations-creators-21083883-node/node_modules/ms/package.json
241 verbose read json /home/lap/Desktop/Projects/dapp-site-for-donations-creators-21083883-node/node_modules/websocket/package.json
242 verbose read json /home/lap/Desktop/Projects/dapp-site-for-donations-creators-21083883-node/node_modules/es5-ext/package.json
243 verbose read json /home/lap/Desktop/Projects/dapp-site-for-donations-creators-21083883-node/node_modules/trim-right/package.json
244 verbose read json /home/lap/Desktop/Projects/dapp-site-for-donations-creators-21083883-node/node_modules/inherits/package.json
245 verbose read json /home/lap/Desktop/Projects/dapp-site-for-donations-creators-21083883-node/node_modules/babel-types/package.json
246 verbose read json /home/lap/Desktop/Projects/dapp-site-for-donations-creators-21083883-node/node_modules/mimic-response/package.json
247 verbose read json /home/lap/Desktop/Projects/dapp-site-for-donations-creators-21083883-node/node_modules/xhr-request/package.json
248 verbose read json /home/lap/Desktop/Projects/dapp-site-for-donations-creators-21083883-node/node_modules/convert-source-map/package.json
249 verbose read json /home/lap/Desktop/Projects/dapp-site-for-donations-creators-21083883-node/node_modules/xmlhttprequest-ssl/package.json
250 verbose read json /home/lap/Desktop/Projects/dapp-site-for-donations-creators-21083883-node/node_modules/babel-helper-call-delegate/package.json
251 verbose read json /home/lap/Desktop/Projects/dapp-site-for-donations-creators-21083883-node/node_modules/babel-plugin-transform-es2015-modules-commonjs/package.json
252 verbose read json /home/lap/Desktop/Projects/dapp-site-for-donations-creators-21083883-node/node_modules/media-typer/package.json
253 verbose read json /home/lap/Desktop/Projects/dapp-site-for-donations-creators-21083883-node/node_modules/has-tostringtag/package.json
254 verbose read json /home/lap/Desktop/Projects/dapp-site-for-donations-creators-21083883-node/node_modules/builtin-modules/package.json
255 verbose read json /home/lap/Desktop/Projects/dapp-site-for-donations-creators-21083883-node/node_modules/codepage/package.json
256 verbose read json /home/lap/Desktop/Projects/dapp-site-for-donations-creators-21083883-node/node_modules/xhr/package.json
257 verbose read json /home/lap/Desktop/Projects/dapp-site-for-donations-creators-21083883-node/node_modules/protons/package.json
258 verbose read json /home/lap/Desktop/Projects/dapp-site-for-donations-creators-21083883-node/node_modules/web3/package.json
259 verbose read json /home/lap/Desktop/Projects/dapp-site-for-donations-creators-21083883-node/node_modules/get-stream/package.json
260 verbose read json /home/lap/Desktop/Projects/dapp-site-for-donations-creators-21083883-node/node_modules/aws4/package.json
261 verbose read json /home/lap/Desktop/Projects/dapp-site-for-donations-creators-21083883-node/node_modules/cipher-base/package.json
262 verbose read json /home/lap/Desktop/Projects/dapp-site-for-donations-creators-21083883-node/node_modules/caniuse-lite/package.json
263 verbose read json /home/lap/Desktop/Projects/dapp-site-for-donations-creators-21083883-node/node_modules/doasync/package.json
264 verbose read json /home/lap/Desktop/Projects/dapp-site-for-donations-creators-21083883-node/node_modules/stripe/package.json
265 verbose read json /home/lap/Desktop/Projects/dapp-site-for-donations-creators-21083883-node/node_modules/mongoose-legacy-pluralize/package.json
266 verbose read json /home/lap/Desktop/Projects/dapp-site-for-donations-creators-21083883-node/node_modules/xlsx/package.json
267 verbose read json /home/lap/Desktop/Projects/dapp-site-for-donations-creators-21083883-node/node_modules/is-hex-prefixed/package.json
268 verbose read json /home/lap/Desktop/Projects/dapp-site-for-donations-creators-21083883-node/node_modules/cookiejar/package.json
269 verbose read json /home/lap/Desktop/Projects/dapp-site-for-donations-creators-21083883-node/node_modules/p-try/package.json
270 verbose read json /home/lap/Desktop/Projects/dapp-site-for-donations-creators-21083883-node/node_modules/babel-plugin-transform-es2015-sticky-regex/package.json
271 verbose read json /home/lap/Desktop/Projects/dapp-site-for-donations-creators-21083883-node/node_modules/cids/package.json
272 verbose read json /home/lap/Desktop/Projects/dapp-site-for-donations-creators-21083883-node/node_modules/simple-get/package.json
273 verbose read json /home/lap/Desktop/Projects/dapp-site-for-donations-creators-21083883-node/node_modules/mongoose-aggregate-paginate/package.json
274 verbose read json /home/lap/Desktop/Projects/dapp-site-for-donations-creators-21083883-node/node_modules/jwa/package.json
275 verbose read json /home/lap/Desktop/Projects/dapp-site-for-donations-creators-21083883-node/node_modules/globals/package.json
276 verbose read json /home/lap/Desktop/Projects/dapp-site-for-donations-creators-21083883-node/node_modules/eth-lib/package.json
277 verbose read json /home/lap/Desktop/Projects/dapp-site-for-donations-creators-21083883-node/node_modules/indexof/package.json
278 verbose read json /home/lap/Desktop/Projects/dapp-site-for-donations-creators-21083883-node/node_modules/node-gyp-build/package.json
279 verbose read json /home/lap/Desktop/Projects/dapp-site-for-donations-creators-21083883-node/node_modules/engine.io-parser/package.json
280 verbose read json /home/lap/Desktop/Projects/dapp-site-for-donations-creators-21083883-node/node_modules/component-inherit/package.json
281 verbose read json /home/lap/Desktop/Projects/dapp-site-for-donations-creators-21083883-node/node_modules/events/package.json
282 verbose read json /home/lap/Desktop/Projects/dapp-site-for-donations-creators-21083883-node/node_modules/ethjs-unit/package.json
283 verbose read json /home/lap/Desktop/Projects/dapp-site-for-donations-creators-21083883-node/node_modules/component-emitter/package.json
284 verbose read json /home/lap/Desktop/Projects/dapp-site-for-donations-creators-21083883-node/node_modules/serve-static/package.json
285 verbose read json /home/lap/Desktop/Projects/dapp-site-for-donations-creators-21083883-node/node_modules/fs/package.json
286 verbose read json /home/lap/Desktop/Projects/dapp-site-for-donations-creators-21083883-node/node_modules/js-yaml/package.json
287 verbose read json /home/lap/Desktop/Projects/dapp-site-for-donations-creators-21083883-node/node_modules/mpath/package.json
288 verbose read json /home/lap/Desktop/Projects/dapp-site-for-donations-creators-21083883-node/node_modules/color-convert/package.json
289 verbose read json /home/lap/Desktop/Projects/dapp-site-for-donations-creators-21083883-node/node_modules/es6-symbol/package.json
290 verbose read json /home/lap/Desktop/Projects/dapp-site-for-donations-creators-21083883-node/node_modules/damerau-levenshtein/package.json
291 verbose read json /home/lap/Desktop/Projects/dapp-site-for-donations-creators-21083883-node/node_modules/babel-plugin-transform-es2015-block-scoping/package.json
292 verbose read json /home/lap/Desktop/Projects/dapp-site-for-donations-creators-21083883-node/node_modules/find-up/package.json
293 verbose read json /home/lap/Desktop/Projects/dapp-site-for-donations-creators-21083883-node/node_modules/delayed-stream/package.json
294 verbose read json /home/lap/Desktop/Projects/dapp-site-for-donations-creators-21083883-node/node_modules/array-flatten/package.json
295 verbose read json /home/lap/Desktop/Projects/dapp-site-for-donations-creators-21083883-node/node_modules/minimist/package.json
296 verbose read json /home/lap/Desktop/Projects/dapp-site-for-donations-creators-21083883-node/node_modules/xhr2-cookies/package.json
297 verbose read json /home/lap/Desktop/Projects/dapp-site-for-donations-creators-21083883-node/node_modules/iso-random-stream/package.json
298 verbose read json /home/lap/Desktop/Projects/dapp-site-for-donations-creators-21083883-node/node_modules/electron-fetch/package.json
299 verbose read json /home/lap/Desktop/Projects/dapp-site-for-donations-creators-21083883-node/node_modules/err-code/package.json
300 verbose read json /home/lap/Desktop/Projects/dapp-site-for-donations-creators-21083883-node/node_modules/is-function/package.json
301 verbose read json /home/lap/Desktop/Projects/dapp-site-for-donations-creators-21083883-node/node_modules/url/package.json
302 verbose read json /home/lap/Desktop/Projects/dapp-site-for-donations-creators-21083883-node/node_modules/mock-fs/package.json
303 verbose read json /home/lap/Desktop/Projects/dapp-site-for-donations-creators-21083883-node/node_modules/nano-json-stream-parser/package.json
304 verbose read json /home/lap/Desktop/Projects/dapp-site-for-donations-creators-21083883-node/node_modules/har-schema/package.json
305 verbose read json /home/lap/Desktop/Projects/dapp-site-for-donations-creators-21083883-node/node_modules/babel-register/package.json
306 verbose read json /home/lap/Desktop/Projects/dapp-site-for-donations-creators-21083883-node/node_modules/babel-helpers/package.json
307 verbose read json /home/lap/Desktop/Projects/dapp-site-for-donations-creators-21083883-node/node_modules/wrap-ansi/package.json
308 verbose read json /home/lap/Desktop/Projects/dapp-site-for-donations-creators-21083883-node/node_modules/finalhandler/package.json
309 verbose read json /home/lap/Desktop/Projects/dapp-site-for-donations-creators-21083883-node/node_modules/event-target-shim/package.json
310 verbose read json /home/lap/Desktop/Projects/dapp-site-for-donations-creators-21083883-node/node_modules/protobufjs/package.json
311 verbose read json /home/lap/Desktop/Projects/dapp-site-for-donations-creators-21083883-node/node_modules/object-assign/package.json
312 verbose read json /home/lap/Desktop/Projects/dapp-site-for-donations-creators-21083883-node/node_modules/elliptic/package.json
313 verbose read json /home/lap/Desktop/Projects/dapp-site-for-donations-creators-21083883-node/node_modules/call-bind/package.json
314 verbose read json /home/lap/Desktop/Projects/dapp-site-for-donations-creators-21083883-node/node_modules/scrypt-js/package.json
315 verbose read json /home/lap/Desktop/Projects/dapp-site-for-donations-creators-21083883-node/node_modules/private/package.json
316 verbose read json /home/lap/Desktop/Projects/dapp-site-for-donations-creators-21083883-node/node_modules/jws/package.json
317 verbose read json /home/lap/Desktop/Projects/dapp-site-for-donations-creators-21083883-node/node_modules/babel-plugin-transform-object-rest-spread/package.json
318 verbose read json /home/lap/Desktop/Projects/dapp-site-for-donations-creators-21083883-node/node_modules/slash/package.json
319 verbose read json /home/lap/Desktop/Projects/dapp-site-for-donations-creators-21083883-node/node_modules/hmac-drbg/package.json
320 verbose read json /home/lap/Desktop/Projects/dapp-site-for-donations-creators-21083883-node/node_modules/bluebird/package.json
321 verbose read json /home/lap/Desktop/Projects/dapp-site-for-donations-creators-21083883-node/node_modules/graphql/package.json
322 verbose read json /home/lap/Desktop/Projects/dapp-site-for-donations-creators-21083883-node/node_modules/socket.io-adapter/package.json
323 verbose read json /home/lap/Desktop/Projects/dapp-site-for-donations-creators-21083883-node/node_modules/content-type/package.json
324 verbose read json /home/lap/Desktop/Projects/dapp-site-for-donations-creators-21083883-node/node_modules/dashdash/package.json
325 verbose read json /home/lap/Desktop/Projects/dapp-site-for-donations-creators-21083883-node/node_modules/hoek/package.json
326 verbose read json /home/lap/Desktop/Projects/dapp-site-for-donations-creators-21083883-node/node_modules/basic-auth/package.json
327 verbose read json /home/lap/Desktop/Projects/dapp-site-for-donations-creators-21083883-node/node_modules/p-finally/package.json
328 verbose read json /home/lap/Desktop/Projects/dapp-site-for-donations-creators-21083883-node/node_modules/lodash.isinteger/package.json
329 verbose read json /home/lap/Desktop/Projects/dapp-site-for-donations-creators-21083883-node/node_modules/home-or-tmp/package.json
330 verbose read json /home/lap/Desktop/Projects/dapp-site-for-donations-creators-21083883-node/node_modules/speakeasy/package.json
331 verbose read json /home/lap/Desktop/Projects/dapp-site-for-donations-creators-21083883-node/node_modules/babel-plugin-transform-es2015-object-super/package.json
332 verbose read json /home/lap/Desktop/Projects/dapp-site-for-donations-creators-21083883-node/node_modules/inspect-function/package.json
333 verbose read json /home/lap/Desktop/Projects/dapp-site-for-donations-creators-21083883-node/node_modules/is-string/package.json
334 verbose read json /home/lap/Desktop/Projects/dapp-site-for-donations-creators-21083883-node/node_modules/rlp/package.json
335 verbose read json /home/lap/Desktop/Projects/dapp-site-for-donations-creators-21083883-node/node_modules/minimalistic-assert/package.json
336 verbose read json /home/lap/Desktop/Projects/dapp-site-for-donations-creators-21083883-node/node_modules/fs-minipass/package.json
337 verbose read json /home/lap/Desktop/Projects/dapp-site-for-donations-creators-21083883-node/node_modules/base-x/package.json
338 verbose read json /home/lap/Desktop/Projects/dapp-site-for-donations-creators-21083883-node/node_modules/mongodb/package.json
339 verbose read json /home/lap/Desktop/Projects/dapp-site-for-donations-creators-21083883-node/node_modules/yaeti/package.json
340 verbose read json /home/lap/Desktop/Projects/dapp-site-for-donations-creators-21083883-node/node_modules/babel-plugin-transform-es2015-computed-properties/package.json
341 verbose read json /home/lap/Desktop/Projects/dapp-site-for-donations-creators-21083883-node/node_modules/ajv/package.json
342 verbose read json /home/lap/Desktop/Projects/dapp-site-for-donations-creators-21083883-node/node_modules/cliss/package.json
343 verbose read json /home/lap/Desktop/Projects/dapp-site-for-donations-creators-21083883-node/node_modules/require-directory/package.json
344 verbose read json /home/lap/Desktop/Projects/dapp-site-for-donations-creators-21083883-node/node_modules/typedarray/package.json
345 verbose read json /home/lap/Desktop/Projects/dapp-site-for-donations-creators-21083883-node/node_modules/regjsgen/package.json
346 verbose read json /home/lap/Desktop/Projects/dapp-site-for-donations-creators-21083883-node/node_modules/encodeurl/package.json
347 verbose read json /home/lap/Desktop/Projects/dapp-site-for-donations-creators-21083883-node/node_modules/it-tar/package.json
348 verbose read json /home/lap/Desktop/Projects/dapp-site-for-donations-creators-21083883-node/node_modules/browser-readablestream-to-it/package.json
349 verbose read json /home/lap/Desktop/Projects/dapp-site-for-donations-creators-21083883-node/node_modules/depd/package.json
350 verbose read json /home/lap/Desktop/Projects/dapp-site-for-donations-creators-21083883-node/node_modules/magicli/package.json
351 verbose read json /home/lap/Desktop/Projects/dapp-site-for-donations-creators-21083883-node/node_modules/parse-duration/package.json
352 verbose read json /home/lap/Desktop/Projects/dapp-site-for-donations-creators-21083883-node/node_modules/babel-plugin-transform-es2015-modules-amd/package.json
353 verbose read json /home/lap/Desktop/Projects/dapp-site-for-donations-creators-21083883-node/node_modules/is-fullwidth-code-point/package.json
354 verbose read json /home/lap/Desktop/Projects/dapp-site-for-donations-creators-21083883-node/node_modules/oauth-sign/package.json
355 verbose read json /home/lap/Desktop/Projects/dapp-site-for-donations-creators-21083883-node/node_modules/ipld-raw/package.json
356 verbose read json /home/lap/Desktop/Projects/dapp-site-for-donations-creators-21083883-node/node_modules/bs58/package.json
357 verbose read json /home/lap/Desktop/Projects/dapp-site-for-donations-creators-21083883-node/node_modules/base32.js/package.json
358 verbose read json /home/lap/Desktop/Projects/dapp-site-for-donations-creators-21083883-node/node_modules/os-tmpdir/package.json
359 verbose read json /home/lap/Desktop/Projects/dapp-site-for-donations-creators-21083883-node/node_modules/split-skip/package.json
360 verbose read json /home/lap/Desktop/Projects/dapp-site-for-donations-creators-21083883-node/node_modules/to-fast-properties/package.json
361 verbose read json /home/lap/Desktop/Projects/dapp-site-for-donations-creators-21083883-node/node_modules/require-main-filename/package.json
362 verbose read json /home/lap/Desktop/Projects/dapp-site-for-donations-creators-21083883-node/node_modules/ipfs-utils/package.json
363 verbose read json /home/lap/Desktop/Projects/dapp-site-for-donations-creators-21083883-node/node_modules/is-number-object/package.json
364 verbose read json /home/lap/Desktop/Projects/dapp-site-for-donations-creators-21083883-node/node_modules/contains-path/package.json
365 verbose read json /home/lap/Desktop/Projects/dapp-site-for-donations-creators-21083883-node/node_modules/ecdsa-sig-formatter/package.json
366 verbose read json /home/lap/Desktop/Projects/dapp-site-for-donations-creators-21083883-node/node_modules/is-typedarray/package.json
367 verbose read json /home/lap/Desktop/Projects/dapp-site-for-donations-creators-21083883-node/node_modules/buffer-from/package.json
368 verbose read json /home/lap/Desktop/Projects/dapp-site-for-donations-creators-21083883-node/node_modules/topo/package.json
369 verbose read json /home/lap/Desktop/Projects/dapp-site-for-donations-creators-21083883-node/node_modules/@sindresorhus/package.json
370 verbose read json /home/lap/Desktop/Projects/dapp-site-for-donations-creators-21083883-node/node_modules/sshpk/package.json
371 verbose read json /home/lap/Desktop/Projects/dapp-site-for-donations-creators-21083883-node/node_modules/socket.io-client/package.json
372 verbose read json /home/lap/Desktop/Projects/dapp-site-for-donations-creators-21083883-node/node_modules/merge-options/package.json
373 verbose read json /home/lap/Desktop/Projects/dapp-site-for-donations-creators-21083883-node/node_modules/is-boolean-object/package.json
374 verbose read json /home/lap/Desktop/Projects/dapp-site-for-donations-creators-21083883-node/node_modules/iterall/package.json
375 verbose read json /home/lap/Desktop/Projects/dapp-site-for-donations-creators-21083883-node/node_modules/backo2/package.json
376 verbose read json /home/lap/Desktop/Projects/dapp-site-for-donations-creators-21083883-node/node_modules/parseqs/package.json
377 verbose read json /home/lap/Desktop/Projects/dapp-site-for-donations-creators-21083883-node/node_modules/deep-extend/package.json
378 verbose read json /home/lap/Desktop/Projects/dapp-site-for-donations-creators-21083883-node/node_modules/send/package.json
379 verbose read json /home/lap/Desktop/Projects/dapp-site-for-donations-creators-21083883-node/node_modules/exit-on-epipe/package.json
380 verbose read json /home/lap/Desktop/Projects/dapp-site-for-donations-creators-21083883-node/node_modules/tweetnacl/package.json
381 verbose read json /home/lap/Desktop/Projects/dapp-site-for-donations-creators-21083883-node/node_modules/sift/package.json
382 verbose read json /home/lap/Desktop/Projects/dapp-site-for-donations-creators-21083883-node/node_modules/minizlib/package.json
383 verbose read json /home/lap/Desktop/Projects/dapp-site-for-donations-creators-21083883-node/node_modules/eslint-import-resolver-node/package.json
384 verbose read json /home/lap/Desktop/Projects/dapp-site-for-donations-creators-21083883-node/node_modules/swagger-parser/package.json
385 verbose read json /home/lap/Desktop/Projects/dapp-site-for-donations-creators-21083883-node/node_modules/has-bigints/package.json
386 verbose read json /home/lap/Desktop/Projects/dapp-site-for-donations-creators-21083883-node/node_modules/it-reader/package.json
387 verbose read json /home/lap/Desktop/Projects/dapp-site-for-donations-creators-21083883-node/node_modules/ansi-styles/package.json
388 verbose read json /home/lap/Desktop/Projects/dapp-site-for-donations-creators-21083883-node/node_modules/process-nextick-args/package.json
389 verbose read json /home/lap/Desktop/Projects/dapp-site-for-donations-creators-21083883-node/node_modules/aws-sms-send/package.json
390 verbose read json /home/lap/Desktop/Projects/dapp-site-for-donations-creators-21083883-node/node_modules/toidentifier/package.json
391 verbose read json /home/lap/Desktop/Projects/dapp-site-for-donations-creators-21083883-node/node_modules/has-binary2/package.json
392 verbose read json /home/lap/Desktop/Projects/dapp-site-for-donations-creators-21083883-node/node_modules/strip-hex-prefix/package.json
393 verbose read json /home/lap/Desktop/Projects/dapp-site-for-donations-creators-21083883-node/node_modules/kareem/package.json
394 verbose read json /home/lap/Desktop/Projects/dapp-site-for-donations-creators-21083883-node/node_modules/is/package.json
395 verbose read json /home/lap/Desktop/Projects/dapp-site-for-donations-creators-21083883-node/node_modules/inspect-parameters-declaration/package.json
396 verbose read json /home/lap/Desktop/Projects/dapp-site-for-donations-creators-21083883-node/node_modules/is-typed-array/package.json
397 verbose read json /home/lap/Desktop/Projects/dapp-site-for-donations-creators-21083883-node/node_modules/emoji-regex/package.json
398 verbose read json /home/lap/Desktop/Projects/dapp-site-for-donations-creators-21083883-node/node_modules/babel-helper-get-function-arity/package.json
399 verbose read json /home/lap/Desktop/Projects/dapp-site-for-donations-creators-21083883-node/node_modules/object.assign/package.json
400 verbose read json /home/lap/Desktop/Projects/dapp-site-for-donations-creators-21083883-node/node_modules/har-validator/package.json
401 verbose read json /home/lap/Desktop/Projects/dapp-site-for-donations-creators-21083883-node/node_modules/proxy-addr/package.json
402 verbose read json /home/lap/Desktop/Projects/dapp-site-for-donations-creators-21083883-node/node_modules/accepts/package.json
403 verbose read json /home/lap/Desktop/Projects/dapp-site-for-donations-creators-21083883-node/node_modules/get-caller-file/package.json
404 verbose read json /home/lap/Desktop/Projects/dapp-site-for-donations-creators-21083883-node/node_modules/it-glob/package.json
405 verbose read json /home/lap/Desktop/Projects/dapp-site-for-donations-creators-21083883-node/node_modules/busboy/package.json
406 verbose read json /home/lap/Desktop/Projects/dapp-site-for-donations-creators-21083883-node/node_modules/keccak/package.json
407 verbose read json /home/lap/Desktop/Projects/dapp-site-for-donations-creators-21083883-node/node_modules/utf-8-validate/package.json
408 verbose read json /home/lap/Desktop/Projects/dapp-site-for-donations-creators-21083883-node/node_modules/ipfs-http-client/package.json
409 verbose read json /home/lap/Desktop/Projects/dapp-site-for-donations-creators-21083883-node/node_modules/http-signature/package.json
410 verbose read json /home/lap/Desktop/Projects/dapp-site-for-donations-creators-21083883-node/node_modules/bs58check/package.json
411 verbose read json /home/lap/Desktop/Projects/dapp-site-for-donations-creators-21083883-node/node_modules/fresh/package.json
412 verbose read json /home/lap/Desktop/Projects/dapp-site-for-donations-creators-21083883-node/node_modules/is-date-object/package.json
413 verbose read json /home/lap/Desktop/Projects/dapp-site-for-donations-creators-21083883-node/node_modules/on-headers/package.json
414 verbose read json /home/lap/Desktop/Projects/dapp-site-for-donations-creators-21083883-node/node_modules/bcrypt-pbkdf/package.json
415 verbose read json /home/lap/Desktop/Projects/dapp-site-for-donations-creators-21083883-node/node_modules/browserify-cipher/package.json
416 verbose read json /home/lap/Desktop/Projects/dapp-site-for-donations-creators-21083883-node/node_modules/lodash.once/package.json
417 verbose read json /home/lap/Desktop/Projects/dapp-site-for-donations-creators-21083883-node/node_modules/raw-body/package.json
418 verbose read json /home/lap/Desktop/Projects/dapp-site-for-donations-creators-21083883-node/node_modules/babel-helper-hoist-variables/package.json
419 verbose read json /home/lap/Desktop/Projects/dapp-site-for-donations-creators-21083883-node/node_modules/browserify-des/package.json
420 verbose read json /home/lap/Desktop/Projects/dapp-site-for-donations-creators-21083883-node/node_modules/browserify-aes/package.json
421 verbose read json /home/lap/Desktop/Projects/dapp-site-for-donations-creators-21083883-node/node_modules/buffer-alloc-unsafe/package.json
422 verbose read json /home/lap/Desktop/Projects/dapp-site-for-donations-creators-21083883-node/node_modules/csvtojson/package.json
423 verbose read json /home/lap/Desktop/Projects/dapp-site-for-donations-creators-21083883-node/node_modules/node-forge/package.json
424 verbose read json /home/lap/Desktop/Projects/dapp-site-for-donations-creators-21083883-node/node_modules/jsx-ast-utils/package.json
425 verbose read json /home/lap/Desktop/Projects/dapp-site-for-donations-creators-21083883-node/node_modules/regenerator-transform/package.json
426 verbose read json /home/lap/Desktop/Projects/dapp-site-for-donations-creators-21083883-node/node_modules/swagger-ui-dist/package.json
427 verbose read json /home/lap/Desktop/Projects/dapp-site-for-donations-creators-21083883-node/node_modules/statuses/package.json
428 verbose read json /home/lap/Desktop/Projects/dapp-site-for-donations-creators-21083883-node/node_modules/eth-ens-namehash/package.json
429 verbose read json /home/lap/Desktop/Projects/dapp-site-for-donations-creators-21083883-node/node_modules/fast-json-stable-stringify/package.json
430 verbose read json /home/lap/Desktop/Projects/dapp-site-for-donations-creators-21083883-node/node_modules/get-stdin/package.json
431 verbose read json /home/lap/Desktop/Projects/dapp-site-for-donations-creators-21083883-node/node_modules/bl/package.json
432 verbose read json /home/lap/Desktop/Projects/dapp-site-for-donations-creators-21083883-node/node_modules/url-parse/package.json
433 verbose read json /home/lap/Desktop/Projects/dapp-site-for-donations-creators-21083883-node/node_modules/ecc-jsbn/package.json
434 verbose read json /home/lap/Desktop/Projects/dapp-site-for-donations-creators-21083883-node/node_modules/keypair/package.json
435 verbose read json /home/lap/Desktop/Projects/dapp-site-for-donations-creators-21083883-node/node_modules/concat-map/package.json
436 verbose read json /home/lap/Desktop/Projects/dapp-site-for-donations-creators-21083883-node/node_modules/multiaddr/package.json
437 verbose read json /home/lap/Desktop/Projects/dapp-site-for-donations-creators-21083883-node/node_modules/got/package.json
438 verbose read json /home/lap/Desktop/Projects/dapp-site-for-donations-creators-21083883-node/node_modules/json-schema/package.json
439 verbose read json /home/lap/Desktop/Projects/dapp-site-for-donations-creators-21083883-node/node_modules/eslint-plugin-babel/package.json
440 verbose read json /home/lap/Desktop/Projects/dapp-site-for-donations-creators-21083883-node/node_modules/borc/package.json
441 verbose read json /home/lap/Desktop/Projects/dapp-site-for-donations-creators-21083883-node/node_modules/async-limiter/package.json
442 verbose read json /home/lap/Desktop/Projects/dapp-site-for-donations-creators-21083883-node/node_modules/range-parser/package.json
443 verbose read json /home/lap/Desktop/Projects/dapp-site-for-donations-creators-21083883-node/node_modules/any-signal/package.json
444 verbose read json /home/lap/Desktop/Projects/dapp-site-for-donations-creators-21083883-node/node_modules/negotiator/package.json
445 verbose read json /home/lap/Desktop/Projects/dapp-site-for-donations-creators-21083883-node/node_modules/end-of-stream/package.json
446 verbose read json /home/lap/Desktop/Projects/dapp-site-for-donations-creators-21083883-node/node_modules/peer-id/package.json
447 verbose read json /home/lap/Desktop/Projects/dapp-site-for-donations-creators-21083883-node/node_modules/babel-helper-function-name/package.json
448 verbose read json /home/lap/Desktop/Projects/dapp-site-for-donations-creators-21083883-node/node_modules/graceful-fs/package.json
449 verbose read json /home/lap/Desktop/Projects/dapp-site-for-donations-creators-21083883-node/node_modules/asn1/package.json
450 verbose read json /home/lap/Desktop/Projects/dapp-site-for-donations-creators-21083883-node/node_modules/babel-plugin-transform-es2015-block-scoped-functions/package.json
451 verbose read json /home/lap/Desktop/Projects/dapp-site-for-donations-creators-21083883-node/node_modules/xml2js/package.json
452 verbose read json /home/lap/Desktop/Projects/dapp-site-for-donations-creators-21083883-node/node_modules/randomfill/package.json
453 verbose read json /home/lap/Desktop/Projects/dapp-site-for-donations-creators-21083883-node/node_modules/source-map/package.json
454 verbose read json /home/lap/Desktop/Projects/dapp-site-for-donations-creators-21083883-node/node_modules/utils-merge/package.json
455 verbose read json /home/lap/Desktop/Projects/dapp-site-for-donations-creators-21083883-node/node_modules/to-readable-stream/package.json
456 verbose read json /home/lap/Desktop/Projects/dapp-site-for-donations-creators-21083883-node/node_modules/ripemd160/package.json
457 verbose read json /home/lap/Desktop/Projects/dapp-site-for-donations-creators-21083883-node/node_modules/tar/package.json
458 verbose read json /home/lap/Desktop/Projects/dapp-site-for-donations-creators-21083883-node/node_modules/babel-plugin-transform-es2015-literals/package.json
459 verbose read json /home/lap/Desktop/Projects/dapp-site-for-donations-creators-21083883-node/node_modules/servify/package.json
460 verbose read json /home/lap/Desktop/Projects/dapp-site-for-donations-creators-21083883-node/node_modules/glob/package.json
461 verbose read json /home/lap/Desktop/Projects/dapp-site-for-donations-creators-21083883-node/node_modules/strict-uri-encode/package.json
462 verbose read json /home/lap/Desktop/Projects/dapp-site-for-donations-creators-21083883-node/node_modules/isurl/package.json
463 verbose read json /home/lap/Desktop/Projects/dapp-site-for-donations-creators-21083883-node/node_modules/js-sha3/package.json
464 verbose read json /home/lap/Desktop/Projects/dapp-site-for-donations-creators-21083883-node/node_modules/optional-require/package.json
465 verbose read json /home/lap/Desktop/Projects/dapp-site-for-donations-creators-21083883-node/node_modules/to-array/package.json
466 verbose read json /home/lap/Desktop/Projects/dapp-site-for-donations-creators-21083883-node/node_modules/web3-eth-personal/package.json
467 verbose read json /home/lap/Desktop/Projects/dapp-site-for-donations-creators-21083883-node/node_modules/duplexer3/package.json
468 verbose read json /home/lap/Desktop/Projects/dapp-site-for-donations-creators-21083883-node/node_modules/@ethereumjs/package.json
469 verbose read json /home/lap/Desktop/Projects/dapp-site-for-donations-creators-21083883-node/node_modules/es6-set/package.json
470 verbose read json /home/lap/Desktop/Projects/dapp-site-for-donations-creators-21083883-node/node_modules/xmlbuilder/package.json
471 verbose read json /home/lap/Desktop/Projects/dapp-site-for-donations-creators-21083883-node/node_modules/mongoose/package.json
472 verbose read json /home/lap/Desktop/Projects/dapp-site-for-donations-creators-21083883-node/node_modules/minimatch/package.json
473 verbose read json /home/lap/Desktop/Projects/dapp-site-for-donations-creators-21083883-node/node_modules/encoding/package.json
474 verbose read json /home/lap/Desktop/Projects/dapp-site-for-donations-creators-21083883-node/node_modules/better-assert/package.json
475 verbose read json /home/lap/Desktop/Projects/dapp-site-for-donations-creators-21083883-node/node_modules/pipe-functions/package.json
476 verbose read json /home/lap/Desktop/Projects/dapp-site-for-donations-creators-21083883-node/node_modules/brace-expansion/package.json
477 verbose read json /home/lap/Desktop/Projects/dapp-site-for-donations-creators-21083883-node/node_modules/web3-core-helpers/package.json
478 verbose read json /home/lap/Desktop/Projects/dapp-site-for-donations-creators-21083883-node/node_modules/minimalistic-crypto-utils/package.json
479 verbose read json /home/lap/Desktop/Projects/dapp-site-for-donations-creators-21083883-node/node_modules/buffer/package.json
480 verbose read json /home/lap/Desktop/Projects/dapp-site-for-donations-creators-21083883-node/node_modules/event-emitter/package.json
481 verbose read json /home/lap/Desktop/Projects/dapp-site-for-donations-creators-21083883-node/node_modules/object-component/package.json
482 verbose read json /home/lap/Desktop/Projects/dapp-site-for-donations-creators-21083883-node/node_modules/string.prototype.trimstart/package.json
483 verbose read json /home/lap/Desktop/Projects/dapp-site-for-donations-creators-21083883-node/node_modules/async/package.json
484 verbose read json /home/lap/Desktop/Projects/dapp-site-for-donations-creators-21083883-node/node_modules/requires-port/package.json
485 verbose read json /home/lap/Desktop/Projects/dapp-site-for-donations-creators-21083883-node/node_modules/lodash.find/package.json
486 verbose read json /home/lap/Desktop/Projects/dapp-site-for-donations-creators-21083883-node/node_modules/dicer/package.json
487 verbose read json /home/lap/Desktop/Projects/dapp-site-for-donations-creators-21083883-node/node_modules/babel-plugin-transform-strict-mode/package.json
488 verbose read json /home/lap/Desktop/Projects/dapp-site-for-donations-creators-21083883-node/node_modules/babel-helper-replace-supers/package.json
489 verbose read json /home/lap/Desktop/Projects/dapp-site-for-donations-creators-21083883-node/node_modules/object-to-arguments/package.json
490 verbose read json /home/lap/Desktop/Projects/dapp-site-for-donations-creators-21083883-node/node_modules/append-field/package.json
491 verbose read json /home/lap/Desktop/Projects/dapp-site-for-donations-creators-21083883-node/node_modules/reset/package.json
492 verbose read json /home/lap/Desktop/Projects/dapp-site-for-donations-creators-21083883-node/node_modules/hash-base/package.json
493 verbose read json /home/lap/Desktop/Projects/dapp-site-for-donations-creators-21083883-node/node_modules/require-at/package.json
494 verbose read json /home/lap/Desktop/Projects/dapp-site-for-donations-creators-21083883-node/node_modules/deepmerge/package.json
495 verbose read json /home/lap/Desktop/Projects/dapp-site-for-donations-creators-21083883-node/node_modules/locate-path/package.json
496 verbose read json /home/lap/Desktop/Projects/dapp-site-for-donations-creators-21083883-node/node_modules/getpass/package.json
497 verbose read json /home/lap/Desktop/Projects/dapp-site-for-donations-creators-21083883-node/node_modules/bindings/package.json
498 verbose read json /home/lap/Desktop/Projects/dapp-site-for-donations-creators-21083883-node/node_modules/fs-extra/package.json
499 verbose read json /home/lap/Desktop/Projects/dapp-site-for-donations-creators-21083883-node/node_modules/process/package.json
500 verbose read json /home/lap/Desktop/Projects/dapp-site-for-donations-creators-21083883-node/node_modules/buffer-alloc/package.json
501 verbose read json /home/lap/Desktop/Projects/dapp-site-for-donations-creators-21083883-node/node_modules/follow-redirects/package.json
502 verbose read json /home/lap/Desktop/Projects/dapp-site-for-donations-creators-21083883-node/node_modules/array-back/package.json
503 verbose read json /home/lap/Desktop/Projects/dapp-site-for-donations-creators-21083883-node/node_modules/asn1.js/package.json
504 verbose read json /home/lap/Desktop/Projects/dapp-site-for-donations-creators-21083883-node/node_modules/is-finite/package.json
505 verbose read json /home/lap/Desktop/Projects/dapp-site-for-donations-creators-21083883-node/node_modules/socket.io-parser/package.json
506 verbose read json /home/lap/Desktop/Projects/dapp-site-for-donations-creators-21083883-node/node_modules/sha.js/package.json
507 verbose read json /home/lap/Desktop/Projects/dapp-site-for-donations-creators-21083883-node/node_modules/@apidevtools/package.json
508 verbose read json /home/lap/Desktop/Projects/dapp-site-for-donations-creators-21083883-node/node_modules/supports-color/package.json
509 verbose read json /home/lap/Desktop/Projects/dapp-site-for-donations-creators-21083883-node/node_modules/cloudinary-core/package.json
510 verbose read json /home/lap/Desktop/Projects/dapp-site-for-donations-creators-21083883-node/node_modules/blob/package.json
511 verbose read json /home/lap/Desktop/Projects/dapp-site-for-donations-creators-21083883-node/node_modules/normalize-url/package.json
512 verbose read json /home/lap/Desktop/Projects/dapp-site-for-donations-creators-21083883-node/node_modules/json5/package.json
513 verbose read json /home/lap/Desktop/Projects/dapp-site-for-donations-creators-21083883-node/node_modules/is-core-module/package.json
514 verbose read json /home/lap/Desktop/Projects/dapp-site-for-donations-creators-21083883-node/node_modules/mkdirp-promise/package.json
515 verbose read json /home/lap/Desktop/Projects/dapp-site-for-donations-creators-21083883-node/node_modules/printj/package.json
516 verbose read json /home/lap/Desktop/Projects/dapp-site-for-donations-creators-21083883-node/node_modules/js-tokens/package.json
517 verbose read json /home/lap/Desktop/Projects/dapp-site-for-donations-creators-21083883-node/node_modules/string.prototype.trimend/package.json
518 verbose read json /home/lap/Desktop/Projects/dapp-site-for-donations-creators-21083883-node/node_modules/lodash.isboolean/package.json
519 verbose read json /home/lap/Desktop/Projects/dapp-site-for-donations-creators-21083883-node/node_modules/yeast/package.json
520 verbose read json /home/lap/Desktop/Projects/dapp-site-for-donations-creators-21083883-node/node_modules/it-last/package.json
521 verbose read json /home/lap/Desktop/Projects/dapp-site-for-donations-creators-21083883-node/node_modules/babel-plugin-transform-es2015-function-name/package.json
522 verbose read json /home/lap/Desktop/Projects/dapp-site-for-donations-creators-21083883-node/node_modules/extend/package.json
523 verbose read json /home/lap/Desktop/Projects/dapp-site-for-donations-creators-21083883-node/node_modules/ipld-dag-cbor/package.json
524 verbose read json /home/lap/Desktop/Projects/dapp-site-for-donations-creators-21083883-node/node_modules/escape-html/package.json
525 verbose read json /home/lap/Desktop/Projects/dapp-site-for-donations-creators-21083883-node/node_modules/has-cors/package.json
526 verbose read json /home/lap/Desktop/Projects/dapp-site-for-donations-creators-21083883-node/node_modules/pop-iterate/package.json
527 verbose read json /home/lap/Desktop/Projects/dapp-site-for-donations-creators-21083883-node/node_modules/readable-stream/package.json
528 verbose read json /home/lap/Desktop/Projects/dapp-site-for-donations-creators-21083883-node/node_modules/http-errors/package.json
529 verbose read json /home/lap/Desktop/Projects/dapp-site-for-donations-creators-21083883-node/node_modules/set-blocking/package.json
530 verbose read json /home/lap/Desktop/Projects/dapp-site-for-donations-creators-21083883-node/node_modules/util-deprecate/package.json
531 verbose read json /home/lap/Desktop/Projects/dapp-site-for-donations-creators-21083883-node/node_modules/babel-traverse/package.json
532 verbose read json /home/lap/Desktop/Projects/dapp-site-for-donations-creators-21083883-node/node_modules/ursa-optional/package.json
533 verbose read json /home/lap/Desktop/Projects/dapp-site-for-donations-creators-21083883-node/node_modules/balanced-match/package.json
534 verbose read json /home/lap/Desktop/Projects/dapp-site-for-donations-creators-21083883-node/node_modules/esutils/package.json
535 verbose read json /home/lap/Desktop/Projects/dapp-site-for-donations-creators-21083883-node/node_modules/web3-providers-ws/package.json
536 verbose read json /home/lap/Desktop/Projects/dapp-site-for-donations-creators-21083883-node/node_modules/delimit-stream/package.json
537 verbose read json /home/lap/Desktop/Projects/dapp-site-for-donations-creators-21083883-node/node_modules/inspect-property/package.json
538 verbose read json /home/lap/Desktop/Projects/dapp-site-for-donations-creators-21083883-node/node_modules/regenerator-runtime/package.json
539 verbose read json /home/lap/Desktop/Projects/dapp-site-for-donations-creators-21083883-node/node_modules/parse-asn1/package.json
540 verbose read json /home/lap/Desktop/Projects/dapp-site-for-donations-creators-21083883-node/node_modules/babel-helper-optimise-call-expression/package.json
541 verbose read json /home/lap/Desktop/Projects/dapp-site-for-donations-creators-21083883-node/node_modules/path-exists/package.json
542 verbose read json /home/lap/Desktop/Projects/dapp-site-for-donations-creators-21083883-node/node_modules/node.extend/package.json
543 verbose read json /home/lap/Desktop/Projects/dapp-site-for-donations-creators-21083883-node/node_modules/pinkie/package.json
544 verbose read json /home/lap/Desktop/Projects/dapp-site-for-donations-creators-21083883-node/node_modules/web-encoding/package.json
545 verbose read json /home/lap/Desktop/Projects/dapp-site-for-donations-creators-21083883-node/node_modules/jsbn/package.json
546 verbose read json /home/lap/Desktop/Projects/dapp-site-for-donations-creators-21083883-node/node_modules/typedarray-to-buffer/package.json
547 verbose read json /home/lap/Desktop/Projects/dapp-site-for-donations-creators-21083883-node/node_modules/hash.js/package.json
548 verbose read json /home/lap/Desktop/Projects/dapp-site-for-donations-creators-21083883-node/node_modules/p-fifo/package.json
549 verbose read json /home/lap/Desktop/Projects/dapp-site-for-donations-creators-21083883-node/node_modules/p-defer/package.json
550 verbose read json /home/lap/Desktop/Projects/dapp-site-for-donations-creators-21083883-node/node_modules/lowercase-keys/package.json
551 verbose read json /home/lap/Desktop/Projects/dapp-site-for-donations-creators-21083883-node/node_modules/bufferutil/package.json
552 verbose read json /home/lap/Desktop/Projects/dapp-site-for-donations-creators-21083883-node/node_modules/secp256k1/package.json
553 verbose read json /home/lap/Desktop/Projects/dapp-site-for-donations-creators-21083883-node/node_modules/safe-buffer/package.json
554 verbose read json /home/lap/Desktop/Projects/dapp-site-for-donations-creators-21083883-node/node_modules/multihashes/package.json
555 verbose read json /home/lap/Desktop/Projects/dapp-site-for-donations-creators-21083883-node/node_modules/babel-code-frame/package.json
556 verbose read json /home/lap/Desktop/Projects/dapp-site-for-donations-creators-21083883-node/node_modules/es-abstract/package.json
557 verbose read json /home/lap/Desktop/Projects/dapp-site-for-donations-creators-21083883-node/node_modules/class-is/package.json
558 verbose read json /home/lap/Desktop/Projects/dapp-site-for-donations-creators-21083883-node/node_modules/create-hash/package.json
559 verbose read json /home/lap/Desktop/Projects/dapp-site-for-donations-creators-21083883-node/node_modules/define-properties/package.json
560 verbose read json /home/lap/Desktop/Projects/dapp-site-for-donations-creators-21083883-node/node_modules/iso-url/package.json
561 verbose read json /home/lap/Desktop/Projects/dapp-site-for-donations-creators-21083883-node/node_modules/path-to-regexp/package.json
562 verbose read json /home/lap/Desktop/Projects/dapp-site-for-donations-creators-21083883-node/node_modules/is-plain-obj/package.json
563 verbose read json /home/lap/Desktop/Projects/dapp-site-for-donations-creators-21083883-node/node_modules/y18n/package.json
564 verbose read json /home/lap/Desktop/Projects/dapp-site-for-donations-creators-21083883-node/node_modules/pbkdf2/package.json
565 verbose read json /home/lap/Desktop/Projects/dapp-site-for-donations-creators-21083883-node/node_modules/tunnel-agent/package.json
566 verbose read json /home/lap/Desktop/Projects/dapp-site-for-donations-creators-21083883-node/node_modules/has-symbols/package.json
567 verbose read json /home/lap/Desktop/Projects/dapp-site-for-donations-creators-21083883-node/node_modules/ultron/package.json
568 verbose read json /home/lap/Desktop/Projects/dapp-site-for-donations-creators-21083883-node/node_modules/babel-plugin-syntax-object-rest-spread/package.json
569 verbose read json /home/lap/Desktop/Projects/dapp-site-for-donations-creators-21083883-node/node_modules/get-iterator/package.json
570 verbose read json /home/lap/Desktop/Projects/dapp-site-for-donations-creators-21083883-node/node_modules/is-bigint/package.json
571 verbose read json /home/lap/Desktop/Projects/dapp-site-for-donations-creators-21083883-node/node_modules/stream-to-it/package.json
572 verbose read json /home/lap/Desktop/Projects/dapp-site-for-donations-creators-21083883-node/node_modules/strip-ansi/package.json
573 verbose read json /home/lap/Desktop/Projects/dapp-site-for-donations-creators-21083883-node/node_modules/p-locate/package.json
574 verbose read json /home/lap/Desktop/Projects/dapp-site-for-donations-creators-21083883-node/node_modules/z-schema/package.json
575 verbose read json /home/lap/Desktop/Projects/dapp-site-for-donations-creators-21083883-node/node_modules/forever-agent/package.json
576 verbose read json /home/lap/Desktop/Projects/dapp-site-for-donations-creators-21083883-node/node_modules/has/package.json
577 verbose read json /home/lap/Desktop/Projects/dapp-site-for-donations-creators-21083883-node/node_modules/ethjs-util/package.json
578 verbose read json /home/lap/Desktop/Projects/dapp-site-for-donations-creators-21083883-node/node_modules/it-map/package.json
579 verbose read json /home/lap/Desktop/Projects/dapp-site-for-donations-creators-21083883-node/node_modules/extsprintf/package.json
580 verbose read json /home/lap/Desktop/Projects/dapp-site-for-donations-creators-21083883-node/node_modules/engine.io/package.json
581 verbose read json /home/lap/Desktop/Projects/dapp-site-for-donations-creators-21083883-node/node_modules/lodash.padend/package.json
582 verbose read json /home/lap/Desktop/Projects/dapp-site-for-donations-creators-21083883-node/node_modules/reduce-flatten/package.json
583 verbose read json /home/lap/Desktop/Projects/dapp-site-for-donations-creators-21083883-node/node_modules/typical/package.json
584 verbose read json /home/lap/Desktop/Projects/dapp-site-for-donations-creators-21083883-node/node_modules/request/package.json
585 verbose read json /home/lap/Desktop/Projects/dapp-site-for-donations-creators-21083883-node/node_modules/methods/package.json
586 verbose read json /home/lap/Desktop/Projects/dapp-site-for-donations-creators-21083883-node/node_modules/pinkie-promise/package.json
587 verbose read json /home/lap/Desktop/Projects/dapp-site-for-donations-creators-21083883-node/node_modules/inflight/package.json
588 verbose read json /home/lap/Desktop/Projects/dapp-site-for-donations-creators-21083883-node/node_modules/body-parser/package.json
589 verbose read json /home/lap/Desktop/Projects/dapp-site-for-donations-creators-21083883-node/node_modules/core-util-is/package.json
590 verbose read json /home/lap/Desktop/Projects/dapp-site-for-donations-creators-21083883-node/node_modules/babel-preset-env/package.json
591 verbose read json /home/lap/Desktop/Projects/dapp-site-for-donations-creators-21083883-node/node_modules/url-parse-lax/package.json
592 verbose read json /home/lap/Desktop/Projects/dapp-site-for-donations-creators-21083883-node/node_modules/strip-bom/package.json
593 verbose read json /home/lap/Desktop/Projects/dapp-site-for-donations-creators-21083883-node/node_modules/babel-plugin-transform-es2015-for-of/package.json
594 verbose read json /home/lap/Desktop/Projects/dapp-site-for-donations-creators-21083883-node/node_modules/debug/package.json
595 verbose read json /home/lap/Desktop/Projects/dapp-site-for-donations-creators-21083883-node/node_modules/varint/package.json
596 verbose read json /home/lap/Desktop/Projects/dapp-site-for-donations-creators-21083883-node/node_modules/psl/package.json
597 verbose read json /home/lap/Desktop/Projects/dapp-site-for-donations-creators-21083883-node/node_modules/resolve/package.json
598 verbose read json /home/lap/Desktop/Projects/dapp-site-for-donations-creators-21083883-node/node_modules/randombytes/package.json
599 verbose read json /home/lap/Desktop/Projects/dapp-site-for-donations-creators-21083883-node/node_modules/destroy/package.json
600 verbose read json /home/lap/Desktop/Projects/dapp-site-for-donations-creators-21083883-node/node_modules/protocol-buffers-schema/package.json
601 verbose read json /home/lap/Desktop/Projects/dapp-site-for-donations-creators-21083883-node/node_modules/argparse/package.json
602 verbose read json /home/lap/Desktop/Projects/dapp-site-for-donations-creators-21083883-node/node_modules/multer/package.json
603 verbose read json /home/lap/Desktop/Projects/dapp-site-for-donations-creators-21083883-node/node_modules/buffer-to-arraybuffer/package.json
604 verbose read json /home/lap/Desktop/Projects/dapp-site-for-donations-creators-21083883-node/node_modules/buffer-equal-constant-time/package.json
605 verbose read json /home/lap/Desktop/Projects/dapp-site-for-donations-creators-21083883-node/node_modules/util/package.json
606 verbose read json /home/lap/Desktop/Projects/dapp-site-for-donations-creators-21083883-node/node_modules/babel-helper-remap-async-to-generator/package.json
607 verbose read json /home/lap/Desktop/Projects/dapp-site-for-donations-creators-21083883-node/node_modules/get-intrinsic/package.json
608 verbose read json /home/lap/Desktop/Projects/dapp-site-for-donations-creators-21083883-node/node_modules/core-js/package.json
609 verbose read json /home/lap/Desktop/Projects/dapp-site-for-donations-creators-21083883-node/node_modules/yallist/package.json
610 verbose read json /home/lap/Desktop/Projects/dapp-site-for-donations-creators-21083883-node/node_modules/ip-regex/package.json
611 verbose read json /home/lap/Desktop/Projects/dapp-site-for-donations-creators-21083883-node/node_modules/web3-core-requestmanager/package.json
612 verbose read json /home/lap/Desktop/Projects/dapp-site-for-donations-creators-21083883-node/node_modules/unbox-primitive/package.json
613 verbose read json /home/lap/Desktop/Projects/dapp-site-for-donations-creators-21083883-node/node_modules/babel-runtime/package.json
614 verbose read json /home/lap/Desktop/Projects/dapp-site-for-donations-creators-21083883-node/node_modules/yargs-parser/package.json
615 verbose read json /home/lap/Desktop/Projects/dapp-site-for-donations-creators-21083883-node/node_modules/swarm-js/package.json
616 verbose read json /home/lap/Desktop/Projects/dapp-site-for-donations-creators-21083883-node/node_modules/bignumber.js/package.json
617 verbose read json /home/lap/Desktop/Projects/dapp-site-for-donations-creators-21083883-node/node_modules/agent-base/package.json
618 verbose read json /home/lap/Desktop/Projects/dapp-site-for-donations-creators-21083883-node/node_modules/merge-descriptors/package.json
619 verbose read json /home/lap/Desktop/Projects/dapp-site-for-donations-creators-21083883-node/node_modules/responselike/package.json
620 verbose read json /home/lap/Desktop/Projects/dapp-site-for-donations-creators-21083883-node/node_modules/iconv-lite/package.json
621 verbose read json /home/lap/Desktop/Projects/dapp-site-for-donations-creators-21083883-node/node_modules/convert-excel-to-json/package.json
622 verbose read json /home/lap/Desktop/Projects/dapp-site-for-donations-creators-21083883-node/node_modules/evp_bytestokey/package.json
623 verbose read json /home/lap/Desktop/Projects/dapp-site-for-donations-creators-21083883-node/node_modules/des.js/package.json
624 verbose read json /home/lap/Desktop/Projects/dapp-site-for-donations-creators-21083883-node/node_modules/minipass/package.json
625 verbose read json /home/lap/Desktop/Projects/dapp-site-for-donations-creators-21083883-node/node_modules/is-callable/package.json
626 verbose read json /home/lap/Desktop/Projects/dapp-site-for-donations-creators-21083883-node/node_modules/web3-utils/package.json
627 verbose read json /home/lap/Desktop/Projects/dapp-site-for-donations-creators-21083883-node/node_modules/is-symbol/package.json
628 verbose read json /home/lap/Desktop/Projects/dapp-site-for-donations-creators-21083883-node/node_modules/create-ecdh/package.json
629 verbose read json /home/lap/Desktop/Projects/dapp-site-for-donations-creators-21083883-node/node_modules/unpipe/package.json
630 verbose read json /home/lap/Desktop/Projects/dapp-site-for-donations-creators-21083883-node/node_modules/component-bind/package.json
631 verbose read json /home/lap/Desktop/Projects/dapp-site-for-donations-creators-21083883-node/node_modules/babel-plugin-transform-es2015-duplicate-keys/package.json
632 verbose read json /home/lap/Desktop/Projects/dapp-site-for-donations-creators-21083883-node/node_modules/babel-plugin-transform-es2015-template-literals/package.json
633 verbose read json /home/lap/Desktop/Projects/dapp-site-for-donations-creators-21083883-node/node_modules/validator/package.json
634 verbose read json /home/lap/Desktop/Projects/dapp-site-for-donations-creators-21083883-node/node_modules/mquery/package.json
635 verbose read json /home/lap/Desktop/Projects/dapp-site-for-donations-creators-21083883-node/node_modules/asynckit/package.json
636 verbose read json /home/lap/Desktop/Projects/dapp-site-for-donations-creators-21083883-node/node_modules/es-to-primitive/package.json
637 verbose read json /home/lap/Desktop/Projects/dapp-site-for-donations-creators-21083883-node/node_modules/lodash.findindex/package.json
638 verbose read json /home/lap/Desktop/Projects/dapp-site-for-donations-creators-21083883-node/node_modules/lodash.get/package.json
639 verbose read json /home/lap/Desktop/Projects/dapp-site-for-donations-creators-21083883-node/node_modules/crypto-browserify/package.json
640 verbose read json /home/lap/Desktop/Projects/dapp-site-for-donations-creators-21083883-node/node_modules/nan/package.json
641 verbose read json /home/lap/Desktop/Projects/dapp-site-for-donations-creators-21083883-node/node_modules/babel-plugin-syntax-exponentiation-operator/package.json
642 verbose read json /home/lap/Desktop/Projects/dapp-site-for-donations-creators-21083883-node/node_modules/object-inspect/package.json
643 verbose read json /home/lap/Desktop/Projects/dapp-site-for-donations-creators-21083883-node/node_modules/@ethersproject/package.json
644 verbose read json /home/lap/Desktop/Projects/dapp-site-for-donations-creators-21083883-node/node_modules/brorand/package.json
645 verbose read json /home/lap/Desktop/Projects/dapp-site-for-donations-creators-21083883-node/node_modules/fast-deep-equal/package.json
646 verbose read json /home/lap/Desktop/Projects/dapp-site-for-donations-creators-21083883-node/node_modules/string-width/package.json
647 verbose read json /home/lap/Desktop/Projects/dapp-site-for-donations-creators-21083883-node/node_modules/babel-helper-explode-assignable-expression/package.json
648 verbose read json /home/lap/Desktop/Projects/dapp-site-for-donations-creators-21083883-node/node_modules/blob-to-it/package.json
649 verbose read json /home/lap/Desktop/Projects/dapp-site-for-donations-creators-21083883-node/node_modules/web3-providers-http/package.json
650 verbose read json /home/lap/Desktop/Projects/dapp-site-for-donations-creators-21083883-node/node_modules/eventemitter3/package.json
651 verbose read json /home/lap/Desktop/Projects/dapp-site-for-donations-creators-21083883-node/node_modules/electron-to-chromium/package.json
652 verbose read json /home/lap/Desktop/Projects/dapp-site-for-donations-creators-21083883-node/node_modules/is-object/package.json
653 verbose read json /home/lap/Desktop/Projects/dapp-site-for-donations-creators-21083883-node/node_modules/@szmarczak/package.json
654 verbose read json /home/lap/Desktop/Projects/dapp-site-for-donations-creators-21083883-node/node_modules/parseurl/package.json
655 verbose read json /home/lap/Desktop/Projects/dapp-site-for-donations-creators-21083883-node/node_modules/receptacle/package.json
656 verbose read json /home/lap/Desktop/Projects/dapp-site-for-donations-creators-21083883-node/node_modules/babylon/package.json
657 verbose read json /home/lap/Desktop/Projects/dapp-site-for-donations-creators-21083883-node/node_modules/lodash.includes/package.json
658 verbose read json /home/lap/Desktop/Projects/dapp-site-for-donations-creators-21083883-node/node_modules/it-peekable/package.json
659 verbose read json /home/lap/Desktop/Projects/dapp-site-for-donations-creators-21083883-node/node_modules/regexpu-core/package.json
660 verbose read json /home/lap/Desktop/Projects/dapp-site-for-donations-creators-21083883-node/node_modules/combined-stream/package.json
661 verbose read json /home/lap/Desktop/Projects/dapp-site-for-donations-creators-21083883-node/node_modules/eslint-plugin-jsx-a11y/package.json
662 verbose read json /home/lap/Desktop/Projects/dapp-site-for-donations-creators-21083883-node/node_modules/web3-eth-accounts/package.json
663 verbose read json /home/lap/Desktop/Projects/dapp-site-for-donations-creators-21083883-node/node_modules/@zxing/package.json
664 verbose read json /home/lap/Desktop/Projects/dapp-site-for-donations-creators-21083883-node/node_modules/p-timeout/package.json
665 verbose read json /home/lap/Desktop/Projects/dapp-site-for-donations-creators-21083883-node/node_modules/rootpath/package.json
666 verbose read json /home/lap/Desktop/Projects/dapp-site-for-donations-creators-21083883-node/node_modules/pkg-dir/package.json
667 verbose read json /home/lap/Desktop/Projects/dapp-site-for-donations-creators-21083883-node/node_modules/stringify-parameters/package.json
668 verbose read json /home/lap/Desktop/Projects/dapp-site-for-donations-creators-21083883-node/node_modules/cors/package.json
669 verbose read json /home/lap/Desktop/Projects/dapp-site-for-donations-creators-21083883-node/node_modules/min-document/package.json
670 verbose read json /home/lap/Desktop/Projects/dapp-site-for-donations-creators-21083883-node/node_modules/engine.io-client/package.json
671 verbose read json /home/lap/Desktop/Projects/dapp-site-for-donations-creators-21083883-node/node_modules/unpack-string/package.json
672 verbose read json /home/lap/Desktop/Projects/dapp-site-for-donations-creators-21083883-node/node_modules/idna-uts46-hx/package.json
673 verbose read json /home/lap/Desktop/Projects/dapp-site-for-donations-creators-21083883-node/node_modules/it-concat/package.json
674 verbose read json /home/lap/Desktop/Projects/dapp-site-for-donations-creators-21083883-node/node_modules/create-hmac/package.json
675 verbose read json /home/lap/Desktop/Projects/dapp-site-for-donations-creators-21083883-node/node_modules/chownr/package.json
676 verbose read json /home/lap/Desktop/Projects/dapp-site-for-donations-creators-21083883-node/node_modules/is-arguments/package.json
677 verbose read json /home/lap/Desktop/Projects/dapp-site-for-donations-creators-21083883-node/node_modules/source-map-support/package.json
678 verbose read json /home/lap/Desktop/Projects/dapp-site-for-donations-creators-21083883-node/node_modules/babel-plugin-syntax-async-functions/package.json
679 verbose read json /home/lap/Desktop/Projects/dapp-site-for-donations-creators-21083883-node/node_modules/jsprim/package.json
680 verbose read json /home/lap/Desktop/Projects/dapp-site-for-donations-creators-21083883-node/node_modules/babel-plugin-transform-es2015-classes/package.json
681 verbose read json /home/lap/Desktop/Projects/dapp-site-for-donations-creators-21083883-node/node_modules/defer-to-connect/package.json
682 verbose read json /home/lap/Desktop/Projects/dapp-site-for-donations-creators-21083883-node/node_modules/simple-concat/package.json
683 verbose read json /home/lap/Desktop/Projects/dapp-site-for-donations-creators-21083883-node/node_modules/escape-string-regexp/package.json
684 verbose read json /home/lap/Desktop/Projects/dapp-site-for-donations-creators-21083883-node/node_modules/ipld-dag-pb/package.json
685 verbose read json /home/lap/Desktop/Projects/dapp-site-for-donations-creators-21083883-node/node_modules/pkg-up/package.json
686 verbose read json /home/lap/Desktop/Projects/dapp-site-for-donations-creators-21083883-node/node_modules/babel-helper-define-map/package.json
687 verbose read json /home/lap/Desktop/Projects/dapp-site-for-donations-creators-21083883-node/node_modules/adler-32/package.json
688 verbose read json /home/lap/Desktop/Projects/dapp-site-for-donations-creators-21083883-node/node_modules/bson/package.json
689 verbose read json /home/lap/Desktop/Projects/dapp-site-for-donations-creators-21083883-node/node_modules/sparse-bitfield/package.json
690 verbose read json /home/lap/Desktop/Projects/dapp-site-for-donations-creators-21083883-node/node_modules/bn.js/package.json
691 verbose read json /home/lap/Desktop/Projects/dapp-site-for-donations-creators-21083883-node/node_modules/d/package.json
692 verbose read json /home/lap/Desktop/Projects/dapp-site-for-donations-creators-21083883-node/node_modules/babel-plugin-syntax-trailing-function-commas/package.json
693 verbose read json /home/lap/Desktop/Projects/dapp-site-for-donations-creators-21083883-node/node_modules/side-channel/package.json
694 verbose read json /home/lap/Desktop/Projects/dapp-site-for-donations-creators-21083883-node/node_modules/babel-polyfill/package.json
695 verbose read json /home/lap/Desktop/Projects/dapp-site-for-donations-creators-21083883-node/node_modules/http-cache-semantics/package.json
696 verbose read json /home/lap/Desktop/Projects/dapp-site-for-donations-creators-21083883-node/node_modules/mime-db/package.json
697 verbose read json /home/lap/Desktop/Projects/dapp-site-for-donations-creators-21083883-node/node_modules/sax/package.json
698 verbose read json /home/lap/Desktop/Projects/dapp-site-for-donations-creators-21083883-node/node_modules/web3-core-promievent/package.json
699 verbose read json /home/lap/Desktop/Projects/dapp-site-for-donations-creators-21083883-node/node_modules/ws/package.json
700 verbose read json /home/lap/Desktop/Projects/dapp-site-for-donations-creators-21083883-node/node_modules/express/package.json
701 verbose read json /home/lap/Desktop/Projects/dapp-site-for-donations-creators-21083883-node/node_modules/commander/package.json
702 verbose read json /home/lap/Desktop/Projects/dapp-site-for-donations-creators-21083883-node/node_modules/https-proxy-agent/package.json
703 verbose read json /home/lap/Desktop/Projects/dapp-site-for-donations-creators-21083883-node/node_modules/path-parse/package.json
704 verbose read json /home/lap/Desktop/Projects/dapp-site-for-donations-creators-21083883-node/node_modules/punycode/package.json
705 verbose read json /home/lap/Desktop/Projects/dapp-site-for-donations-creators-21083883-node/node_modules/vary/package.json
706 verbose read json /home/lap/Desktop/Projects/dapp-site-for-donations-creators-21083883-node/node_modules/pngjs/package.json
707 verbose read json /home/lap/Desktop/Projects/dapp-site-for-donations-creators-21083883-node/node_modules/sprintf-js/package.json
708 verbose read json /home/lap/Desktop/Projects/dapp-site-for-donations-creators-21083883-node/node_modules/@multiformats/package.json
709 verbose read json /home/lap/Desktop/Projects/dapp-site-for-donations-creators-21083883-node/node_modules/babel-helper-regex/package.json
710 verbose read json /home/lap/Desktop/Projects/dapp-site-for-donations-creators-21083883-node/node_modules/content-disposition/package.json
711 verbose read json /home/lap/Desktop/Projects/dapp-site-for-donations-creators-21083883-node/node_modules/blakejs/package.json
712 verbose read json /home/lap/Desktop/Projects/dapp-site-for-donations-creators-21083883-node/node_modules/buffer-fill/package.json
713 verbose read json /home/lap/Desktop/Projects/dapp-site-for-donations-creators-21083883-node/node_modules/is-stream/package.json
714 verbose read json /home/lap/Desktop/Projects/dapp-site-for-donations-creators-21083883-node/node_modules/bcryptjs/package.json
715 verbose read json /home/lap/Desktop/Projects/dapp-site-for-donations-creators-21083883-node/node_modules/cookie-signature/package.json
716 verbose read json /home/lap/Desktop/Projects/dapp-site-for-donations-creators-21083883-node/node_modules/decamelize/package.json
717 verbose read json /home/lap/Desktop/Projects/dapp-site-for-donations-creators-21083883-node/node_modules/which-boxed-primitive/package.json
718 verbose read json /home/lap/Desktop/Projects/dapp-site-for-donations-creators-21083883-node/node_modules/doctrine/package.json
719 verbose read json /home/lap/Desktop/Projects/dapp-site-for-donations-creators-21083883-node/node_modules/babel-plugin-transform-es2015-shorthand-properties/package.json
720 verbose read json /home/lap/Desktop/Projects/dapp-site-for-donations-creators-21083883-node/node_modules/miller-rabin/package.json
721 warn package.json setimmediate@1.0.5 No README.md file found!
722 warn package.json jsesc@1.3.0 No README.md file found!
723 warn package.json iterall@1.0.2 No README.md file found!
724 verbose from cache /home/lap/Desktop/Projects/dapp-site-for-donations-creators-21083883-node/package.json
725 verbose readDependencies using package.json deps
726 verbose cache add [ 'socket.io@2.3.0', null ]
727 silly cache add name=undefined spec="socket.io@2.3.0" args=["socket.io@2.3.0",null]
728 verbose parsed url { pathname: 'socket.io@2.3.0',
728 verbose parsed url   path: 'socket.io@2.3.0',
728 verbose parsed url   href: 'socket.io@2.3.0' }
729 silly cache add name="socket.io" spec="2.3.0" args=["socket.io","2.3.0"]
730 verbose parsed url { pathname: '2.3.0', path: '2.3.0', href: '2.3.0' }
731 verbose addNamed [ 'socket.io', '2.3.0' ]
732 verbose addNamed [ '2.3.0', '2.3.0' ]
733 silly lockFile d0a07d28-socket-io-2-3-0 socket.io@2.3.0
734 verbose lock socket.io@2.3.0 /root/.npm/d0a07d28-socket-io-2-3-0.lock
735 verbose url raw socket.io/2.3.0
736 verbose url resolving [ 'https://registry.npmjs.org/', './socket.io/2.3.0' ]
737 verbose url resolved https://registry.npmjs.org/socket.io/2.3.0
738 info trying registry request attempt 1 at 16:25:22
739 http GET https://registry.npmjs.org/socket.io/2.3.0
740 silly lockFile d0a07d28-socket-io-2-3-0 socket.io@2.3.0
741 error Error: SSL Error: CERT_UNTRUSTED
741 error     at ClientRequest.<anonymous> (/usr/local/lib/node_modules/npm/node_modules/request/main.js:525:26)
741 error     at ClientRequest.g (events.js:192:14)
741 error     at ClientRequest.EventEmitter.emit (events.js:96:17)
741 error     at HTTPParser.parserOnIncomingClient [as onIncoming] (http.js:1462:7)
741 error     at HTTPParser.parserOnHeadersComplete [as onHeadersComplete] (http.js:111:23)
741 error     at CleartextStream.socketOnData [as ondata] (http.js:1367:20)
741 error     at CleartextStream.CryptoStream._push (tls.js:526:27)
741 error     at SecurePair.cycle (tls.js:880:20)
741 error     at EncryptedStream.CryptoStream.write (tls.js:267:13)
741 error     at Socket.ondata (stream.js:38:26)
742 error If you need help, you may report this log at:
742 error     <http://github.com/isaacs/npm/issues>
742 error or email it to:
742 error     <npm-@googlegroups.com>
743 error System Linux 5.8.0-43-generic
744 error command "/usr/local/bin/node" "/usr/local/bin/npm" "install" "socket.io"
745 error cwd /home/lap/Desktop/Projects/dapp-site-for-donations-creators-21083883-node
746 error node -v v0.8.15
747 error npm -v 1.1.66
748 error code ESSL
749 verbose exit [ 1, true ]
